#
# A fatal error has been detected by the Java Runtime Environment:
#
#  SIGSEGV (0xb) at pc=0x00007fca9c901270, pid=12407, tid=12411
#
# JRE version: OpenJDK Runtime Environment (11.0.9.1+1) (build 11.0.9.1+1-Ubuntu-0ubuntu1.18.04)
# Java VM: OpenJDK 64-Bit Server VM (11.0.9.1+1-Ubuntu-0ubuntu1.18.04, mixed mode, sharing, tiered, compressed oops, g1 gc, linux-amd64)
# Problematic frame:
# C  [libjViconDataStreamSDK.so+0x4270]
#
# Core dump will be written. Default location: Core dumps may be processed with "/usr/share/apport/apport %p %s %c %d %P %E" (or dumping to /home/fabian/Schreibtisch/JViconDataStream2/JViconDataStream/core.12407)
#
# If you would like to submit a bug report, please visit:
#   https://bugs.launchpad.net/ubuntu/+source/openjdk-lts
# The crash happened outside the Java Virtual Machine in native code.
# See problematic frame for where to report the bug.
#

---------------  S U M M A R Y ------------

Command Line: -enableassertions de.dhbw.rahmlab.vicon.datastream.test.ViconStringWrapperTest

Host: Intel(R) Core(TM) i3-6100U CPU @ 2.30GHz, 2 cores, 3G, Ubuntu 18.04.5 LTS
Time: Wed Jan 13 14:29:43 2021 CET elapsed time: 1.653552 seconds (0d 0h 0m 1s)

---------------  T H R E A D  ---------------

Current thread (0x00007fcac8017000):  JavaThread "main" [_thread_in_native, id=12411, stack(0x00007fcacf0ed000,0x00007fcacf1ee000)]

Stack: [0x00007fcacf0ed000,0x00007fcacf1ee000],  sp=0x00007fcacf1ead18,  free space=1015k
Native frames: (J=compiled Java code, A=aot compiled Java code, j=interpreted, Vv=VM code, C=native code)
C  [libjViconDataStreamSDK.so+0x4270]

Java frames: (J=compiled Java code, j=interpreted, Vv=VM code)
j  java.lang.ClassLoader$NativeLibrary.load0(Ljava/lang/String;Z)Z+0 java.base@11.0.9.1
j  java.lang.ClassLoader$NativeLibrary.load()Z+53 java.base@11.0.9.1
j  java.lang.ClassLoader$NativeLibrary.loadLibrary(Ljava/lang/Class;Ljava/lang/String;Z)Z+216 java.base@11.0.9.1
j  java.lang.ClassLoader.loadLibrary0(Ljava/lang/Class;Ljava/io/File;)Z+46 java.base@11.0.9.1
j  java.lang.ClassLoader.loadLibrary(Ljava/lang/Class;Ljava/lang/String;Z)V+70 java.base@11.0.9.1
j  java.lang.Runtime.load0(Ljava/lang/Class;Ljava/lang/String;)V+57 java.base@11.0.9.1
j  java.lang.System.load(Ljava/lang/String;)V+7 java.base@11.0.9.1
j  de.dhbw.rahmlab.nativelibloader.impl.com.jogamp.common.jvm.JNILibLoaderBase.loadLibraryInternal(Ljava/lang/String;Ljava/lang/ClassLoader;)V+302
j  de.dhbw.rahmlab.nativelibloader.impl.com.jogamp.common.jvm.JNILibLoaderBase$DefaultAction.loadLibrary(Ljava/lang/String;ZLjava/lang/ClassLoader;)Z+12
j  de.dhbw.rahmlab.nativelibloader.impl.com.jogamp.common.jvm.JNILibLoaderBase.loadLibrary(Ljava/lang/String;ZLjava/lang/ClassLoader;)Z+12
j  de.dhbw.rahmlab.nativelibloader.impl.com.jogamp.common.os.DynamicLibraryBundle$GlueJNILibLoader.loadLibrary(Ljava/lang/String;ZLjava/lang/ClassLoader;)Z+3
j  de.dhbw.rahmlab.nativelibloader.impl.com.jogamp.common.os.DynamicLibraryBundle.loadLibraries()Lde/dhbw/rahmlab/nativelibloader/impl/com/jogamp/common/os/DynamicLinker;+270
j  de.dhbw.rahmlab.nativelibloader.impl.com.jogamp.common.os.DynamicLibraryBundle$1.run()V+9
j  de.dhbw.rahmlab.nativelibloader.impl.com.jogamp.common.util.RunnableExecutor$CurrentThreadExecutor.invoke(ZLjava/lang/Runnable;)V+1
j  de.dhbw.rahmlab.nativelibloader.impl.com.jogamp.common.os.DynamicLibraryBundle.<init>(Lde/dhbw/rahmlab/nativelibloader/impl/com/jogamp/common/os/DynamicLibraryBundleInfo;)V+244
j  de.dhbw.rahmlab.nativelibloader.api.NativeLibLoader.lambda$load$0(Lde/dhbw/rahmlab/nativelibloader/impl/com/jogamp/common/os/DynamicLibraryBundleInfo;)Lde/dhbw/rahmlab/nativelibloader/impl/com/jogamp/common/os/DynamicLibraryBundle;+5
j  de.dhbw.rahmlab.nativelibloader.api.NativeLibLoader$$Lambda$20.apply(Ljava/lang/Object;)Ljava/lang/Object;+4
j  java.util.stream.ReferencePipeline$3$1.accept(Ljava/lang/Object;)V+12 java.base@11.0.9.1
j  java.util.ArrayList$ArrayListSpliterator.forEachRemaining(Ljava/util/function/Consumer;)V+95 java.base@11.0.9.1
j  java.util.stream.AbstractPipeline.copyInto(Ljava/util/stream/Sink;Ljava/util/Spliterator;)V+32 java.base@11.0.9.1
j  java.util.stream.AbstractPipeline.wrapAndCopyInto(Ljava/util/stream/Sink;Ljava/util/Spliterator;)Ljava/util/stream/Sink;+13 java.base@11.0.9.1
j  java.util.stream.ReduceOps$ReduceOp.evaluateSequential(Ljava/util/stream/PipelineHelper;Ljava/util/Spliterator;)Ljava/lang/Object;+6 java.base@11.0.9.1
j  java.util.stream.AbstractPipeline.evaluate(Ljava/util/stream/TerminalOp;)Ljava/lang/Object;+88 java.base@11.0.9.1
j  java.util.stream.ReferencePipeline.collect(Ljava/util/stream/Collector;)Ljava/lang/Object;+86 java.base@11.0.9.1
j  de.dhbw.rahmlab.nativelibloader.api.NativeLibLoader.load(Ljava/util/List;Ljava/lang/Class;)V+68
j  de.dhbw.rahmlab.vicon.datastream.nativelib.NativeLibLoader.loadActually()V+28
j  de.dhbw.rahmlab.vicon.datastream.nativelib.NativeLibLoader.load()V+6
j  de.dhbw.rahmlab.vicon.datastream.test.ViconStringWrapperTest.<clinit>()V+0
v  ~StubRoutines::call_stub

siginfo: si_signo: 11 (SIGSEGV), si_code: 1 (SEGV_MAPERR), si_addr: 0x0000000000000000

Register to memory mapping:

RAX=0x0 is NULL
RBX=0x0 is NULL
RCX=0x00007fca9cb436f8: <offset 0x00000000002466f8> in /home/fabian/Schreibtisch/JViconDataStream2/JViconDataStream/natives/linux-amd64/libjViconDataStreamSDK.so at 0x00007fca9c8fd000
RDX=0x00007ffcdcee03b8 points into unknown readable memory: c2 26 ee dc fc 7f 00 00
RSP=0x00007fcacf1ead18 is pointing into the stack for thread: 0x00007fcac8017000
RBP=0x0000000000000005 is an unknown value
RSI=0x00007ffcdcee0388 points into unknown readable memory: 43 25 ee dc fc 7f 00 00
RDI=0x00007fca9cb44051: <offset 0x0000000000247051> in /home/fabian/Schreibtisch/JViconDataStream2/JViconDataStream/natives/linux-amd64/libjViconDataStreamSDK.so at 0x00007fca9c8fd000
R8 =0x0 is NULL
R9 =0x0000000000000040 is an unknown value
R10=0x00007fcac8366810 points into unknown readable memory: 00 d0 8f 9c ca 7f 00 00
R11=0x0000000000000206 is an unknown value
R12=0x00007ffcdcee0388 points into unknown readable memory: 43 25 ee dc fc 7f 00 00
R13=0x00007ffcdcee03b8 points into unknown readable memory: c2 26 ee dc fc 7f 00 00
R14=0x00007fca9cb42b28: <offset 0x0000000000245b28> in /home/fabian/Schreibtisch/JViconDataStream2/JViconDataStream/natives/linux-amd64/libjViconDataStreamSDK.so at 0x00007fca9c8fd000
R15=0x00007fcac8366810 points into unknown readable memory: 00 d0 8f 9c ca 7f 00 00


Registers:
RAX=0x0000000000000000, RBX=0x0000000000000000, RCX=0x00007fca9cb436f8, RDX=0x00007ffcdcee03b8
RSP=0x00007fcacf1ead18, RBP=0x0000000000000005, RSI=0x00007ffcdcee0388, RDI=0x00007fca9cb44051
R8 =0x0000000000000000, R9 =0x0000000000000040, R10=0x00007fcac8366810, R11=0x0000000000000206
R12=0x00007ffcdcee0388, R13=0x00007ffcdcee03b8, R14=0x00007fca9cb42b28, R15=0x00007fcac8366810
RIP=0x00007fca9c901270, EFLAGS=0x0000000000010202, CSGSFS=0x002b000000000033, ERR=0x0000000000000006
  TRAPNO=0x000000000000000e

Top of Stack: (sp=0x00007fcacf1ead18)
0x00007fcacf1ead18:   00007fca9c901700 0000000000000005
0x00007fcacf1ead28:   00007fcaceffa8d3 00007fca9cb42b38
0x00007fcacf1ead38:   0000000000000000 00007fcacf2149f0
0x00007fcacf1ead48:   0000000000000000 00007fcacf1eae10 

Instructions: (pc=0x00007fca9c901270)
0x00007fca9c901170:   00 00 00 00 00 00 00 00 00 00 00 00 00 00 00 00
0x00007fca9c901180:   00 00 00 00 00 00 00 00 00 00 00 00 00 00 00 00
0x00007fca9c901190:   00 00 00 00 00 00 00 00 00 00 00 00 00 00 00 00
0x00007fca9c9011a0:   00 00 00 00 00 00 00 00 00 00 00 00 00 00 00 00
0x00007fca9c9011b0:   00 00 00 00 00 00 00 00 00 00 00 00 00 00 00 00
0x00007fca9c9011c0:   00 00 00 00 00 00 00 00 00 00 00 00 00 00 00 00
0x00007fca9c9011d0:   00 00 00 00 00 00 00 00 00 00 00 00 00 00 00 00
0x00007fca9c9011e0:   00 00 00 00 00 00 00 00 00 00 00 00 00 00 00 00
0x00007fca9c9011f0:   00 00 00 00 00 00 00 00 00 00 00 00 00 00 00 00
0x00007fca9c901200:   00 00 00 00 00 00 00 00 00 00 00 00 00 00 00 00
0x00007fca9c901210:   00 00 00 00 00 00 00 00 00 00 00 00 00 00 00 00
0x00007fca9c901220:   00 00 00 00 00 00 00 00 00 00 00 00 00 00 00 00
0x00007fca9c901230:   00 00 00 00 00 00 00 00 00 00 00 00 00 00 00 00
0x00007fca9c901240:   00 00 00 00 00 00 00 00 00 00 00 00 00 00 00 00
0x00007fca9c901250:   00 00 00 00 00 00 00 00 00 00 00 00 00 00 00 00
0x00007fca9c901260:   ff 25 d2 2a 24 00 68 07 00 00 00 e9 10 f7 ff ff
0x00007fca9c901270:   00 00 00 00 00 00 00 00 00 00 00 00 00 00 00 00
0x00007fca9c901280:   00 00 00 00 00 00 00 00 00 00 00 00 00 00 00 00
0x00007fca9c901290:   00 00 00 00 00 00 00 00 00 00 00 00 00 00 00 00
0x00007fca9c9012a0:   00 00 00 00 00 00 00 00 00 00 00 00 00 00 00 00
0x00007fca9c9012b0:   00 00 00 00 00 00 00 00 00 00 00 00 00 00 00 00
0x00007fca9c9012c0:   00 00 00 00 00 00 00 00 00 00 00 00 00 00 00 00
0x00007fca9c9012d0:   00 00 00 00 00 00 00 00 00 00 00 00 00 00 00 00
0x00007fca9c9012e0:   00 00 00 00 00 00 00 00 00 00 00 00 00 00 00 00
0x00007fca9c9012f0:   00 00 00 00 00 00 00 00 00 00 00 00 00 00 00 00
0x00007fca9c901300:   00 00 00 00 00 00 00 00 00 00 00 00 00 00 00 00
0x00007fca9c901310:   00 00 00 00 00 00 00 00 00 00 00 00 00 00 00 00
0x00007fca9c901320:   00 00 00 00 00 00 00 00 00 00 00 00 00 00 00 00
0x00007fca9c901330:   00 00 00 00 00 00 00 00 00 00 00 00 00 00 00 00
0x00007fca9c901340:   00 00 00 00 00 00 00 00 00 00 00 00 00 00 00 00
0x00007fca9c901350:   00 00 00 00 00 00 00 00 00 00 00 00 00 00 00 00
0x00007fca9c901360:   00 00 00 00 00 00 00 00 00 00 00 00 00 00 00 00 


Stack slot to memory mapping:
stack at sp + 0 slots: 0x00007fca9c901700: <offset 0x0000000000004700> in /home/fabian/Schreibtisch/JViconDataStream2/JViconDataStream/natives/linux-amd64/libjViconDataStreamSDK.so at 0x00007fca9c8fd000
stack at sp + 1 slots: 0x0000000000000005 is an unknown value
stack at sp + 2 slots: 0x00007fcaceffa8d3: <offset 0x00000000000108d3> in /lib64/ld-linux-x86-64.so.2 at 0x00007fcacefea000
stack at sp + 3 slots: 0x00007fca9cb42b38: <offset 0x0000000000245b38> in /home/fabian/Schreibtisch/JViconDataStream2/JViconDataStream/natives/linux-amd64/libjViconDataStreamSDK.so at 0x00007fca9c8fd000
stack at sp + 4 slots: 0x0 is NULL
stack at sp + 5 slots: 0x00007fcacf2149f0: _rtld_global+0x0000000000000990 in /lib64/ld-linux-x86-64.so.2 at 0x00007fcacefea000
stack at sp + 6 slots: 0x0 is NULL
stack at sp + 7 slots: 0x00007fcacf1eae10 is pointing into the stack for thread: 0x00007fcac8017000


---------------  P R O C E S S  ---------------

Threads class SMR info:
_java_thread_list=0x00007fca7c004e00, length=10, elements={
0x00007fcac8017000, 0x00007fcac80b8000, 0x00007fcac80ba000, 0x00007fcac80c0000,
0x00007fcac80c2000, 0x00007fcac80c4000, 0x00007fcac80c6000, 0x00007fcac80f6000,
0x00007fcac80fb000, 0x00007fcac8303000
}

Java Threads: ( => current thread )
=>0x00007fcac8017000 JavaThread "main" [_thread_in_native, id=12411, stack(0x00007fcacf0ed000,0x00007fcacf1ee000)]
  0x00007fcac80b8000 JavaThread "Reference Handler" daemon [_thread_blocked, id=12419, stack(0x00007fcaac0ae000,0x00007fcaac1af000)]
  0x00007fcac80ba000 JavaThread "Finalizer" daemon [_thread_blocked, id=12420, stack(0x00007fca9deff000,0x00007fca9e000000)]
  0x00007fcac80c0000 JavaThread "Signal Dispatcher" daemon [_thread_blocked, id=12421, stack(0x00007fca9dac8000,0x00007fca9dbc9000)]
  0x00007fcac80c2000 JavaThread "C2 CompilerThread0" daemon [_thread_in_native, id=12422, stack(0x00007fca9d9c7000,0x00007fca9dac8000)]
  0x00007fcac80c4000 JavaThread "C1 CompilerThread0" daemon [_thread_blocked, id=12423, stack(0x00007fca9d8c6000,0x00007fca9d9c7000)]
  0x00007fcac80c6000 JavaThread "Sweeper thread" daemon [_thread_blocked, id=12425, stack(0x00007fca9d7c5000,0x00007fca9d8c6000)]
  0x00007fcac80f6000 JavaThread "Service Thread" daemon [_thread_blocked, id=12447, stack(0x00007fca9d6c4000,0x00007fca9d7c5000)]
  0x00007fcac80fb000 JavaThread "Common-Cleaner" daemon [_thread_blocked, id=12450, stack(0x00007fca9d4c1000,0x00007fca9d5c2000)]
  0x00007fcac8303000 JavaThread "process reaper" daemon [_thread_blocked, id=12523, stack(0x00007fcacc002000,0x00007fcacc024000)]

Other Threads:
  0x00007fcac80b5800 VMThread "VM Thread" [stack: 0x00007fcaac1b1000,0x00007fcaac2b1000] [id=12418]
  0x00007fcac80f8800 WatcherThread [stack: 0x00007fca9d5c4000,0x00007fca9d6c4000] [id=12449]
  0x00007fcac802f000 GCTaskThread "GC Thread#0" [stack: 0x00007fcaaf832000,0x00007fcaaf932000] [id=12413]
  0x00007fca94001000 GCTaskThread "GC Thread#1" [stack: 0x00007fca9cd4b000,0x00007fca9ce4b000] [id=12498]
  0x00007fcac804a800 ConcurrentGCThread "G1 Main Marker" [stack: 0x00007fcaad097000,0x00007fcaad197000] [id=12414]
  0x00007fcac804c000 ConcurrentGCThread "G1 Conc#0" [stack: 0x00007fcaacf95000,0x00007fcaad095000] [id=12415]
  0x00007fcac8087800 ConcurrentGCThread "G1 Refine#0" [stack: 0x00007fcaacc91000,0x00007fcaacd91000] [id=12416]
  0x00007fcac8089000 ConcurrentGCThread "G1 Young RemSet Sampling" [stack: 0x00007fcaacb8f000,0x00007fcaacc8f000] [id=12417]

Threads with active compile tasks:
C2 CompilerThread0   1681  964       4       jdk.internal.org.objectweb.asm.Frame::type (416 bytes)

VM state:not at safepoint (normal execution)

VM Mutex/Monitor currently owned by a thread: None

Heap address: 0x00000000c2600000, size: 986 MB, Compressed Oops mode: 32-bit
Narrow klass base: 0x0000000800000000, Narrow klass shift: 3
Compressed class space size: 1073741824 Address: 0x0000000840000000

Heap:
 garbage-first heap   total 65536K, used 19091K [0x00000000c2600000, 0x0000000100000000)
  region size 1024K, 19 young (19456K), 1 survivors (1024K)
 Metaspace       used 5382K, capacity 8253K, committed 8448K, reserved 1056768K
  class space    used 811K, capacity 1475K, committed 1536K, reserved 1048576K
Heap Regions: E=young(eden), S=young(survivor), O=old, HS=humongous(starts), HC=humongous(continues), CS=collection set, F=free, A=archive, TAMS=top-at-mark-start (previous, next)
|   0|0x00000000c2600000, 0x00000000c2600000, 0x00000000c2700000|  0%| F|  |TAMS 0x00000000c2600000, 0x00000000c2600000| Untracked 
|   1|0x00000000c2700000, 0x00000000c2700000, 0x00000000c2800000|  0%| F|  |TAMS 0x00000000c2700000, 0x00000000c2700000| Untracked 
|   2|0x00000000c2800000, 0x00000000c2800000, 0x00000000c2900000|  0%| F|  |TAMS 0x00000000c2800000, 0x00000000c2800000| Untracked 
|   3|0x00000000c2900000, 0x00000000c2900000, 0x00000000c2a00000|  0%| F|  |TAMS 0x00000000c2900000, 0x00000000c2900000| Untracked 
|   4|0x00000000c2a00000, 0x00000000c2a00000, 0x00000000c2b00000|  0%| F|  |TAMS 0x00000000c2a00000, 0x00000000c2a00000| Untracked 
|   5|0x00000000c2b00000, 0x00000000c2b00000, 0x00000000c2c00000|  0%| F|  |TAMS 0x00000000c2b00000, 0x00000000c2b00000| Untracked 
|   6|0x00000000c2c00000, 0x00000000c2c00000, 0x00000000c2d00000|  0%| F|  |TAMS 0x00000000c2c00000, 0x00000000c2c00000| Untracked 
|   7|0x00000000c2d00000, 0x00000000c2d00000, 0x00000000c2e00000|  0%| F|  |TAMS 0x00000000c2d00000, 0x00000000c2d00000| Untracked 
|   8|0x00000000c2e00000, 0x00000000c2e00000, 0x00000000c2f00000|  0%| F|  |TAMS 0x00000000c2e00000, 0x00000000c2e00000| Untracked 
|   9|0x00000000c2f00000, 0x00000000c2f00000, 0x00000000c3000000|  0%| F|  |TAMS 0x00000000c2f00000, 0x00000000c2f00000| Untracked 
|  10|0x00000000c3000000, 0x00000000c3000000, 0x00000000c3100000|  0%| F|  |TAMS 0x00000000c3000000, 0x00000000c3000000| Untracked 
|  11|0x00000000c3100000, 0x00000000c3100000, 0x00000000c3200000|  0%| F|  |TAMS 0x00000000c3100000, 0x00000000c3100000| Untracked 
|  12|0x00000000c3200000, 0x00000000c3200000, 0x00000000c3300000|  0%| F|  |TAMS 0x00000000c3200000, 0x00000000c3200000| Untracked 
|  13|0x00000000c3300000, 0x00000000c3300000, 0x00000000c3400000|  0%| F|  |TAMS 0x00000000c3300000, 0x00000000c3300000| Untracked 
|  14|0x00000000c3400000, 0x00000000c3400000, 0x00000000c3500000|  0%| F|  |TAMS 0x00000000c3400000, 0x00000000c3400000| Untracked 
|  15|0x00000000c3500000, 0x00000000c3500000, 0x00000000c3600000|  0%| F|  |TAMS 0x00000000c3500000, 0x00000000c3500000| Untracked 
|  16|0x00000000c3600000, 0x00000000c3600000, 0x00000000c3700000|  0%| F|  |TAMS 0x00000000c3600000, 0x00000000c3600000| Untracked 
|  17|0x00000000c3700000, 0x00000000c3700000, 0x00000000c3800000|  0%| F|  |TAMS 0x00000000c3700000, 0x00000000c3700000| Untracked 
|  18|0x00000000c3800000, 0x00000000c3800000, 0x00000000c3900000|  0%| F|  |TAMS 0x00000000c3800000, 0x00000000c3800000| Untracked 
|  19|0x00000000c3900000, 0x00000000c3900000, 0x00000000c3a00000|  0%| F|  |TAMS 0x00000000c3900000, 0x00000000c3900000| Untracked 
|  20|0x00000000c3a00000, 0x00000000c3a00000, 0x00000000c3b00000|  0%| F|  |TAMS 0x00000000c3a00000, 0x00000000c3a00000| Untracked 
|  21|0x00000000c3b00000, 0x00000000c3b00000, 0x00000000c3c00000|  0%| F|  |TAMS 0x00000000c3b00000, 0x00000000c3b00000| Untracked 
|  22|0x00000000c3c00000, 0x00000000c3c00000, 0x00000000c3d00000|  0%| F|  |TAMS 0x00000000c3c00000, 0x00000000c3c00000| Untracked 
|  23|0x00000000c3d00000, 0x00000000c3d00000, 0x00000000c3e00000|  0%| F|  |TAMS 0x00000000c3d00000, 0x00000000c3d00000| Untracked 
|  24|0x00000000c3e00000, 0x00000000c3e00000, 0x00000000c3f00000|  0%| F|  |TAMS 0x00000000c3e00000, 0x00000000c3e00000| Untracked 
|  25|0x00000000c3f00000, 0x00000000c3f00000, 0x00000000c4000000|  0%| F|  |TAMS 0x00000000c3f00000, 0x00000000c3f00000| Untracked 
|  26|0x00000000c4000000, 0x00000000c4000000, 0x00000000c4100000|  0%| F|  |TAMS 0x00000000c4000000, 0x00000000c4000000| Untracked 
|  27|0x00000000c4100000, 0x00000000c4100000, 0x00000000c4200000|  0%| F|  |TAMS 0x00000000c4100000, 0x00000000c4100000| Untracked 
|  28|0x00000000c4200000, 0x00000000c4200000, 0x00000000c4300000|  0%| F|  |TAMS 0x00000000c4200000, 0x00000000c4200000| Untracked 
|  29|0x00000000c4300000, 0x00000000c4300000, 0x00000000c4400000|  0%| F|  |TAMS 0x00000000c4300000, 0x00000000c4300000| Untracked 
|  30|0x00000000c4400000, 0x00000000c4400000, 0x00000000c4500000|  0%| F|  |TAMS 0x00000000c4400000, 0x00000000c4400000| Untracked 
|  31|0x00000000c4500000, 0x00000000c4500000, 0x00000000c4600000|  0%| F|  |TAMS 0x00000000c4500000, 0x00000000c4500000| Untracked 
|  32|0x00000000c4600000, 0x00000000c4600000, 0x00000000c4700000|  0%| F|  |TAMS 0x00000000c4600000, 0x00000000c4600000| Untracked 
|  33|0x00000000c4700000, 0x00000000c4700000, 0x00000000c4800000|  0%| F|  |TAMS 0x00000000c4700000, 0x00000000c4700000| Untracked 
|  34|0x00000000c4800000, 0x00000000c4800000, 0x00000000c4900000|  0%| F|  |TAMS 0x00000000c4800000, 0x00000000c4800000| Untracked 
|  35|0x00000000c4900000, 0x00000000c4900000, 0x00000000c4a00000|  0%| F|  |TAMS 0x00000000c4900000, 0x00000000c4900000| Untracked 
|  36|0x00000000c4a00000, 0x00000000c4a00000, 0x00000000c4b00000|  0%| F|  |TAMS 0x00000000c4a00000, 0x00000000c4a00000| Untracked 
|  37|0x00000000c4b00000, 0x00000000c4b00000, 0x00000000c4c00000|  0%| F|  |TAMS 0x00000000c4b00000, 0x00000000c4b00000| Untracked 
|  38|0x00000000c4c00000, 0x00000000c4c00000, 0x00000000c4d00000|  0%| F|  |TAMS 0x00000000c4c00000, 0x00000000c4c00000| Untracked 
|  39|0x00000000c4d00000, 0x00000000c4d00000, 0x00000000c4e00000|  0%| F|  |TAMS 0x00000000c4d00000, 0x00000000c4d00000| Untracked 
|  40|0x00000000c4e00000, 0x00000000c4e00000, 0x00000000c4f00000|  0%| F|  |TAMS 0x00000000c4e00000, 0x00000000c4e00000| Untracked 
|  41|0x00000000c4f00000, 0x00000000c4f00000, 0x00000000c5000000|  0%| F|  |TAMS 0x00000000c4f00000, 0x00000000c4f00000| Untracked 
|  42|0x00000000c5000000, 0x00000000c5000000, 0x00000000c5100000|  0%| F|  |TAMS 0x00000000c5000000, 0x00000000c5000000| Untracked 
|  43|0x00000000c5100000, 0x00000000c5180800, 0x00000000c5200000| 50%| E|  |TAMS 0x00000000c5100000, 0x00000000c5100000| Complete 
|  44|0x00000000c5200000, 0x00000000c5300000, 0x00000000c5300000|100%| E|CS|TAMS 0x00000000c5200000, 0x00000000c5200000| Complete 
|  45|0x00000000c5300000, 0x00000000c5400000, 0x00000000c5400000|100%| E|CS|TAMS 0x00000000c5300000, 0x00000000c5300000| Complete 
|  46|0x00000000c5400000, 0x00000000c5500000, 0x00000000c5500000|100%| E|CS|TAMS 0x00000000c5400000, 0x00000000c5400000| Complete 
|  47|0x00000000c5500000, 0x00000000c5600000, 0x00000000c5600000|100%| E|CS|TAMS 0x00000000c5500000, 0x00000000c5500000| Complete 
|  48|0x00000000c5600000, 0x00000000c5700000, 0x00000000c5700000|100%| E|CS|TAMS 0x00000000c5600000, 0x00000000c5600000| Complete 
|  49|0x00000000c5700000, 0x00000000c5800000, 0x00000000c5800000|100%| E|CS|TAMS 0x00000000c5700000, 0x00000000c5700000| Complete 
|  50|0x00000000c5800000, 0x00000000c5900000, 0x00000000c5900000|100%| E|CS|TAMS 0x00000000c5800000, 0x00000000c5800000| Complete 
|  51|0x00000000c5900000, 0x00000000c5a00000, 0x00000000c5a00000|100%| E|CS|TAMS 0x00000000c5900000, 0x00000000c5900000| Complete 
|  52|0x00000000c5a00000, 0x00000000c5b00000, 0x00000000c5b00000|100%| E|CS|TAMS 0x00000000c5a00000, 0x00000000c5a00000| Complete 
|  53|0x00000000c5b00000, 0x00000000c5c00000, 0x00000000c5c00000|100%| E|CS|TAMS 0x00000000c5b00000, 0x00000000c5b00000| Complete 
|  54|0x00000000c5c00000, 0x00000000c5cf2cd8, 0x00000000c5d00000| 94%| S|CS|TAMS 0x00000000c5c00000, 0x00000000c5c00000| Complete 
|  55|0x00000000c5d00000, 0x00000000c5e00000, 0x00000000c5e00000|100%| E|CS|TAMS 0x00000000c5d00000, 0x00000000c5d00000| Complete 
|  56|0x00000000c5e00000, 0x00000000c5f00000, 0x00000000c5f00000|100%| E|CS|TAMS 0x00000000c5e00000, 0x00000000c5e00000| Complete 
|  57|0x00000000c5f00000, 0x00000000c6000000, 0x00000000c6000000|100%| E|CS|TAMS 0x00000000c5f00000, 0x00000000c5f00000| Complete 
|  58|0x00000000c6000000, 0x00000000c6100000, 0x00000000c6100000|100%| E|CS|TAMS 0x00000000c6000000, 0x00000000c6000000| Complete 
|  59|0x00000000c6100000, 0x00000000c6200000, 0x00000000c6200000|100%| E|CS|TAMS 0x00000000c6100000, 0x00000000c6100000| Complete 
|  60|0x00000000c6200000, 0x00000000c6300000, 0x00000000c6300000|100%| E|CS|TAMS 0x00000000c6200000, 0x00000000c6200000| Complete 
|  61|0x00000000c6300000, 0x00000000c6400000, 0x00000000c6400000|100%| E|CS|TAMS 0x00000000c6300000, 0x00000000c6300000| Complete 
| 984|0x00000000ffe00000, 0x00000000ffe47000, 0x00000000fff00000| 27%|OA|  |TAMS 0x00000000ffe00000, 0x00000000ffe00000| Untracked 
| 985|0x00000000fff00000, 0x00000000fff6b000, 0x0000000100000000| 41%|CA|  |TAMS 0x00000000fff00000, 0x00000000fff00000| Untracked 

Card table byte_map: [0x00007fcaaf254000,0x00007fcaaf441000] _byte_map_base: 0x00007fcaaec41000

Marking Bits (Prev, Next): (CMBitMap*) 0x00007fcac80457f8, (CMBitMap*) 0x00007fcac8045830
 Prev Bits: [0x00007fcaae0ff000, 0x00007fcaaf067000)
 Next Bits: [0x00007fcaad197000, 0x00007fcaae0ff000)

Polling page: 0x00007fcacf20f000

Metaspace:

Usage:
  Non-class:      6,62 MB capacity,     4,46 MB ( 67%) used,     2,04 MB ( 31%) free+waste,   119,69 KB (  2%) overhead. 
      Class:      1,44 MB capacity,   811,69 KB ( 55%) used,   599,25 KB ( 41%) free+waste,    64,06 KB (  4%) overhead. 
       Both:      8,06 MB capacity,     5,26 MB ( 65%) used,     2,62 MB ( 33%) free+waste,   183,75 KB (  2%) overhead. 

Virtual space:
  Non-class space:        8,00 MB reserved,       6,75 MB ( 84%) committed 
      Class space:        1,00 GB reserved,       1,50 MB ( <1%) committed 
             Both:        1,01 GB reserved,       8,25 MB ( <1%) committed 

Chunk freelists:
   Non-Class:  0 bytes
       Class:  0 bytes
        Both:  0 bytes

MaxMetaspaceSize: unlimited
CompressedClassSpaceSize: 1,00 GB

CodeHeap 'non-profiled nmethods': size=120036Kb used=320Kb max_used=320Kb free=119715Kb
 bounds [0x00007fcab74e4000, 0x00007fcab7754000, 0x00007fcabea1d000]
CodeHeap 'profiled nmethods': size=120032Kb used=1463Kb max_used=1463Kb free=118568Kb
 bounds [0x00007fcaaffac000, 0x00007fcab021c000, 0x00007fcab74e4000]
CodeHeap 'non-nmethods': size=5692Kb used=1184Kb max_used=1193Kb free=4507Kb
 bounds [0x00007fcaafa1d000, 0x00007fcaafc8d000, 0x00007fcaaffac000]
 total_blobs=1564 nmethods=1015 adapters=462
 compilation: enabled
              stopped_count=0, restarted_count=0
 full_count=0

Compilation events (20 events):
Event: 1,626 Thread 0x00007fcac80c4000 1008       2       java.lang.invoke.DirectMethodHandle::preparedFieldLambdaForm (183 bytes)
Event: 1,627 Thread 0x00007fcac80c4000 nmethod 1008 0x00007fcab0116210 code [0x00007fcab0116420, 0x00007fcab01167b0]
Event: 1,627 Thread 0x00007fcac80c4000 1009       2       java.util.ArrayList::toArray (57 bytes)
Event: 1,627 Thread 0x00007fcac80c4000 nmethod 1009 0x00007fcab0116a10 code [0x00007fcab0116be0, 0x00007fcab0116f50]
Event: 1,628 Thread 0x00007fcac80c4000 1011       2       java.util.Collections$UnmodifiableCollection::iterator (9 bytes)
Event: 1,628 Thread 0x00007fcac80c4000 nmethod 1011 0x00007fcab0117090 code [0x00007fcab0117260, 0x00007fcab01174c0]
Event: 1,629 Thread 0x00007fcac80c4000 1013       2       sun.invoke.util.VerifyType::isNullReferenceConversion (45 bytes)
Event: 1,629 Thread 0x00007fcac80c4000 nmethod 1013 0x00007fcab0117590 code [0x00007fcab0117760, 0x00007fcab0117910]
Event: 1,630 Thread 0x00007fcac80c4000 1014       2       java.lang.invoke.MethodType::methodType (12 bytes)
Event: 1,630 Thread 0x00007fcac80c4000 nmethod 1014 0x00007fcab0117a10 code [0x00007fcab0117c00, 0x00007fcab0117db0]
Event: 1,634 Thread 0x00007fcac80c4000 1016       2       java.lang.invoke.ClassSpecializer::methodSig (5 bytes)
Event: 1,634 Thread 0x00007fcac80c4000 nmethod 1016 0x00007fcab0117f10 code [0x00007fcab01180c0, 0x00007fcab0118220]
Event: 1,637 Thread 0x00007fcac80c4000 1022   !   2       java.io.BufferedWriter::flushBuffer (53 bytes)
Event: 1,637 Thread 0x00007fcac80c4000 nmethod 1022 0x00007fcab0118310 code [0x00007fcab0118500, 0x00007fcab0118950]
Event: 1,641 Thread 0x00007fcac80c4000 1023   !   2       sun.nio.cs.StreamEncoder::flushBuffer (42 bytes)
Event: 1,641 Thread 0x00007fcac80c4000 nmethod 1023 0x00007fcab0118b10 code [0x00007fcab0118ce0, 0x00007fcab01190d0]
Event: 1,641 Thread 0x00007fcac80c4000 1024       2       java.lang.invoke.DirectMethodHandle::rebind (5 bytes)
Event: 1,642 Thread 0x00007fcac80c4000 nmethod 1024 0x00007fcab0119310 code [0x00007fcab01194e0, 0x00007fcab0119780]
Event: 1,642 Thread 0x00007fcac80c4000 1025   !   2       java.io.PrintStream::println (24 bytes)
Event: 1,643 Thread 0x00007fcac80c4000 nmethod 1025 0x00007fcab0119910 code [0x00007fcab0119ae0, 0x00007fcab0119e10]

GC Heap History (2 events):
Event: 0,784 GC heap before
{Heap before GC invocations=0 (full 0):
 garbage-first heap   total 65536K, used 7880K [0x00000000c2600000, 0x0000000100000000)
  region size 1024K, 7 young (7168K), 0 survivors (0K)
 Metaspace       used 1753K, capacity 5669K, committed 5888K, reserved 1056768K
  class space    used 209K, capacity 669K, committed 768K, reserved 1048576K
}
Event: 0,815 GC heap after
{Heap after GC invocations=1 (full 0):
 garbage-first heap   total 65536K, used 1683K [0x00000000c2600000, 0x0000000100000000)
  region size 1024K, 1 young (1024K), 1 survivors (1024K)
 Metaspace       used 1753K, capacity 5669K, committed 5888K, reserved 1056768K
  class space    used 209K, capacity 669K, committed 768K, reserved 1048576K
}

Deoptimization events (14 events):
Event: 1,365 Thread 0x00007fcac8017000 Uncommon trap: trap_request=0xffffff4d fr.pc=0x00007fcab74eaf3c relative=0x000000000000007c
Event: 1,365 Thread 0x00007fcac8017000 Uncommon trap: reason=unstable_if action=reinterpret pc=0x00007fcab74eaf3c method=java.lang.String.isLatin1()Z @ 10 c2
Event: 1,365 Thread 0x00007fcac8017000 DEOPT PACKING pc=0x00007fcab74eaf3c sp=0x00007fcacf1ea450
Event: 1,365 Thread 0x00007fcac8017000 DEOPT UNPACKING pc=0x00007fcaafa437a5 sp=0x00007fcacf1ea3b0 mode 2
Event: 1,419 Thread 0x00007fcac8017000 Uncommon trap: trap_request=0xffffff4d fr.pc=0x00007fcab750ec54 relative=0x0000000000003b54
Event: 1,419 Thread 0x00007fcac8017000 Uncommon trap: reason=unstable_if action=reinterpret pc=0x00007fcab750ec54 method=jdk.internal.org.objectweb.asm.Frame.execute(IILjdk/internal/org/objectweb/asm/ClassWriter;Ljdk/internal/org/objectweb/asm/Item;)V @ 1 c2
Event: 1,419 Thread 0x00007fcac8017000 DEOPT PACKING pc=0x00007fcab750ec54 sp=0x00007fcacf1e9370
Event: 1,419 Thread 0x00007fcac8017000 DEOPT UNPACKING pc=0x00007fcaafa437a5 sp=0x00007fcacf1e9338 mode 2
Event: 1,574 Thread 0x00007fcac8017000 DEOPT PACKING pc=0x00007fcab00dc750 sp=0x00007fcacf1ec0f0
Event: 1,574 Thread 0x00007fcac8017000 DEOPT UNPACKING pc=0x00007fcaafa435ba sp=0x00007fcacf1eb688 mode 0
Event: 1,577 Thread 0x00007fcac8017000 DEOPT PACKING pc=0x00007fcab00b0d80 sp=0x00007fcacf1ea900
Event: 1,577 Thread 0x00007fcac8017000 DEOPT UNPACKING pc=0x00007fcaafa435ba sp=0x00007fcacf1e9e30 mode 0
Event: 1,635 Thread 0x00007fcac8017000 DEOPT PACKING pc=0x00007fcab004e859 sp=0x00007fcacf1ea0a0
Event: 1,635 Thread 0x00007fcac8017000 DEOPT UNPACKING pc=0x00007fcaafa435ba sp=0x00007fcacf1e9538 mode 0

Classes redefined (0 events):
No events

Internal exceptions (20 events):
Event: 1,234 Thread 0x00007fcac8017000 Exception <a 'java/lang/NoSuchMethodError'{0x00000000c59fbd58}: 'java.lang.Object java.lang.invoke.DirectMethodHandle$Holder.invokeSpecial(java.lang.Object, java.lang.Object, int, int, int, java.lang.Object, java.lang.Object, java.lang.Object, int)'> (0x00000000c59fbd58) thrown at [./src/hotspot/share/interpreter/linkResolver.cpp, line 773]
Event: 1,236 Thread 0x00007fcac8017000 Exception <a 'java/lang/NoSuchMethodError'{0x00000000c59ff410}: 'java.lang.Object java.lang.invoke.DelegatingMethodHandle$Holder.reinvoke_L(java.lang.Object, int, int, int, java.lang.Object, java.lang.Object, java.lang.Object, int)'> (0x00000000c59ff410) thrown at [./src/hotspot/share/interpreter/linkResolver.cpp, line 773]
Event: 1,238 Thread 0x00007fcac8017000 Exception <a 'java/lang/NoSuchMethodError'{0x00000000c5834fb8}: 'java.lang.Object java.lang.invoke.DirectMethodHandle$Holder.invokeSpecial(java.lang.Object, java.lang.Object, java.lang.Object, java.lang.Object, java.lang.Object, int)'> (0x00000000c5834fb8) thrown at [./src/hotspot/share/interpreter/linkResolver.cpp, line 773]
Event: 1,322 Thread 0x00007fcac8017000 Exception <a 'java/lang/NoSuchMethodError'{0x00000000c57928d8}: 'java.lang.Object java.lang.invoke.DirectMethodHandle$Holder.invokeSpecial(java.lang.Object, java.lang.Object, int, int, int, int, java.lang.Object, int)'> (0x00000000c57928d8) thrown at [./src/hotspot/share/interpreter/linkResolver.cpp, line 773]
Event: 1,323 Thread 0x00007fcac8017000 Exception <a 'java/lang/NoSuchMethodError'{0x00000000c5795d18}: 'java.lang.Object java.lang.invoke.DelegatingMethodHandle$Holder.reinvoke_L(java.lang.Object, int, int, int, int, java.lang.Object, int)'> (0x00000000c5795d18) thrown at [./src/hotspot/share/interpreter/linkResolver.cpp, line 773]
Event: 1,324 Thread 0x00007fcac8017000 Exception <a 'java/lang/NoSuchMethodError'{0x00000000c57a6408}: 'java.lang.Object java.lang.invoke.DirectMethodHandle$Holder.invokeSpecial(java.lang.Object, java.lang.Object, int, java.lang.Object, int)'> (0x00000000c57a6408) thrown at [./src/hotspot/share/interpreter/linkResolver.cpp, line 773]
Event: 1,384 Thread 0x00007fcac8017000 Exception <a 'sun/nio/fs/UnixException'{0x00000000c5604210}> (0x00000000c5604210) thrown at [./src/hotspot/share/prims/jni.cpp, line 615]
Event: 1,435 Thread 0x00007fcac8017000 Exception <a 'java/lang/NoSuchMethodError'{0x00000000c56d16f8}: 'java.lang.Object java.lang.invoke.DelegatingMethodHandle$Holder.reinvoke_L(java.lang.Object, java.lang.Object, int, int, java.lang.Object, java.lang.Object, int, java.lang.Object, int, int)'> (0x00000000c56d16f8) thrown at [./src/hotspot/share/interpreter/linkResolver.cpp, line 773]
Event: 1,439 Thread 0x00007fcac8017000 Exception <a 'java/lang/NoSuchMethodError'{0x00000000c552f760}: 'java.lang.Object java.lang.invoke.DirectMethodHandle$Holder.invokeSpecial(java.lang.Object, java.lang.Object, int, int, int, java.lang.Object, java.lang.Object, int, java.lang.Object, int, int)'> (0x00000000c552f760) thrown at [./src/hotspot/share/interpreter/linkResolver.cpp, line 773]
Event: 1,439 Thread 0x00007fcac8017000 Exception <a 'java/lang/NoSuchMethodError'{0x00000000c5533000}: 'java.lang.Object java.lang.invoke.DelegatingMethodHandle$Holder.reinvoke_L(java.lang.Object, int, int, int, java.lang.Object, java.lang.Object, int, java.lang.Object, int, int)'> (0x00000000c5533000) thrown at [./src/hotspot/share/interpreter/linkResolver.cpp, line 773]
Event: 1,498 Thread 0x00007fcac8017000 Exception <a 'java/lang/NoSuchMethodError'{0x00000000c5417740}: 'java.lang.Object java.lang.invoke.DelegatingMethodHandle$Holder.reinvoke_L(java.lang.Object, java.lang.Object, int, int, int, java.lang.Object, java.lang.Object, java.lang.Object, int, int)'> (0x00000000c5417740) thrown at [./src/hotspot/share/interpreter/linkResolver.cpp, line 773]
Event: 1,508 Thread 0x00007fcac8017000 Exception <a 'java/lang/NoSuchMethodError'{0x00000000c5475318}: 'java.lang.Object java.lang.invoke.DirectMethodHandle$Holder.invokeSpecial(java.lang.Object, java.lang.Object, int, int, int, int, java.lang.Object, java.lang.Object, java.lang.Object, int, int)'> (0x00000000c5475318) thrown at [./src/hotspot/share/interpreter/linkResolver.cpp, line 773]
Event: 1,508 Thread 0x00007fcac8017000 Exception <a 'java/lang/NoSuchMethodError'{0x00000000c5478bb8}: 'java.lang.Object java.lang.invoke.DelegatingMethodHandle$Holder.reinvoke_L(java.lang.Object, int, int, int, int, java.lang.Object, java.lang.Object, java.lang.Object, int, int)'> (0x00000000c5478bb8) thrown at [./src/hotspot/share/interpreter/linkResolver.cpp, line 773]
Event: 1,546 Thread 0x00007fcac8017000 Exception <a 'java/lang/NoSuchMethodError'{0x00000000c5326db0}: 'java.lang.Object java.lang.invoke.DirectMethodHandle$Holder.invokeStatic(java.lang.Object, java.lang.Object, java.lang.Object, java.lang.Object, java.lang.Object, java.lang.Object, java.lang.Object, java.lang.Object, int)'> (0x00000000c5326db0) thrown at [./src/hotspot/share/interpreter/linkResolver.cpp, line 773]
Event: 1,560 Thread 0x00007fcac8017000 Exception <a 'java/lang/NoSuchMethodError'{0x00000000c53410d8}: 'java.lang.Object java.lang.invoke.DirectMethodHandle$Holder.invokeStatic(java.lang.Object, java.lang.Object, java.lang.Object, java.lang.Object, java.lang.Object, java.lang.Object, java.lang.Object, java.lang.Object, int, int)'> (0x00000000c53410d8) thrown at [./src/hotspot/share/interpreter/linkResolver.cpp, line 773]
Event: 1,562 Thread 0x00007fcac8017000 Exception <a 'java/lang/NoSuchMethodError'{0x00000000c535c420}: 'java.lang.Object java.lang.invoke.DirectMethodHandle$Holder.invokeStatic(java.lang.Object, java.lang.Object, java.lang.Object, java.lang.Object, java.lang.Object, java.lang.Object, java.lang.Object, java.lang.Object, int, int, java.lang.Object)'> (0x00000000c535c420) thrown at [./src/hotspot/share/interpreter/linkResolver.cpp, line 773]
Event: 1,563 Thread 0x00007fcac8017000 Exception <a 'java/lang/NoSuchMethodError'{0x00000000c5379100}: 'java.lang.Object java.lang.invoke.DirectMethodHandle$Holder.invokeStatic(java.lang.Object, java.lang.Object, java.lang.Object, java.lang.Object, java.lang.Object, java.lang.Object, java.lang.Object, java.lang.Object, int, int, java.lang.Object, java.lang.Object)'> (0x00000000c5379100) thrown at [./src/hotspot/share/interpreter/linkResolver.cpp, line 773]
Event: 1,567 Thread 0x00007fcac8017000 Exception <a 'java/lang/NoSuchMethodError'{0x00000000c5396d10}: 'java.lang.Object java.lang.invoke.DirectMethodHandle$Holder.invokeStatic(java.lang.Object, java.lang.Object, java.lang.Object, java.lang.Object, java.lang.Object, java.lang.Object, java.lang.Object, java.lang.Object, int, int, java.lang.Object, java.lang.Object, java.lang.Object)'> (0x00000000c5396d10) thrown at [./src/hotspot/share/interpreter/linkResolver.cpp, line 773]
Event: 1,569 Thread 0x00007fcac8017000 Exception <a 'java/lang/NoSuchMethodError'{0x00000000c53b5a90}: 'java.lang.Object java.lang.invoke.DirectMethodHandle$Holder.invokeStatic(java.lang.Object, java.lang.Object, java.lang.Object, java.lang.Object, java.lang.Object, java.lang.Object, java.lang.Object, java.lang.Object, int, int, java.lang.Object, java.lang.Object, java.lang.Object, java.lang.Object)'> (0x00000000c53b5a90) thrown at [./src/hotspot/share/interpreter/linkResolver.cpp, line 773]
Event: 1,621 Thread 0x00007fcac8017000 Exception <a 'java/lang/NoSuchMethodError'{0x00000000c52b8310}: 'java.lang.Object java.lang.invoke.DirectMethodHandle$Holder.invokeStatic(java.lang.Object, java.lang.Object, java.lang.Object, java.lang.Object, java.lang.Object, java.lang.Object, int)'> (0x00000000c52b8310) thrown at [./src/hotspot/share/interpreter/linkResolver.cpp, line 773]

Events (20 events):
Event: 1,585 loading class de/dhbw/rahmlab/nativelibloader/impl/com/jogamp/common/os/DynamicLibraryBundle$1
Event: 1,585 loading class de/dhbw/rahmlab/nativelibloader/impl/com/jogamp/common/os/DynamicLibraryBundle$1 done
Event: 1,586 loading class java/lang/ClassLoaderHelper
Event: 1,586 loading class java/lang/ClassLoaderHelper done
Event: 1,589 loading class de/dhbw/rahmlab/nativelibloader/impl/com/jogamp/common/os/NativeLibrary$1
Event: 1,589 loading class de/dhbw/rahmlab/nativelibloader/impl/com/jogamp/common/os/NativeLibrary$1 done
Event: 1,607 loading class de/dhbw/rahmlab/nativelibloader/impl/com/jogamp/common/os/NativeLibrary$2
Event: 1,607 loading class de/dhbw/rahmlab/nativelibloader/impl/com/jogamp/common/os/NativeLibrary$2 done
Event: 1,621 loading class java/lang/invoke/BoundMethodHandle$Species_LLLI
Event: 1,621 loading class java/lang/invoke/BoundMethodHandle$Species_LLLI done
Event: 1,622 loading class java/lang/invoke/BoundMethodHandle$Species_LLLII
Event: 1,622 loading class java/lang/invoke/BoundMethodHandle$Species_LLLII done
Event: 1,624 loading class java/lang/invoke/BoundMethodHandle$Species_LLLIIL
Event: 1,624 loading class java/lang/invoke/BoundMethodHandle$Species_LLLIIL done
Event: 1,628 loading class java/lang/invoke/BoundMethodHandle$Species_LLLIILL
Event: 1,628 loading class java/lang/invoke/BoundMethodHandle$Species_LLLIILL done
Event: 1,634 loading class java/lang/invoke/BoundMethodHandle$Species_LLLIILLL
Event: 1,634 loading class java/lang/invoke/BoundMethodHandle$Species_LLLIILLL done
Event: 1,635 loading class java/lang/invoke/BoundMethodHandle$Species_LLLIILLLL
Event: 1,635 loading class java/lang/invoke/BoundMethodHandle$Species_LLLIILLLL done


Dynamic libraries:
c2600000-c6400000 rw-p 00000000 00:00 0 
c6400000-ffe00000 ---p 00000000 00:00 0 
ffe00000-ffe47000 rw-p 01111000 08:01 1180613                            /usr/lib/jvm/java-11-openjdk-amd64/lib/server/classes.jsa
ffe47000-fff00000 rw-p 00000000 00:00 0 
fff00000-fff6b000 rw-p 010a6000 08:01 1180613                            /usr/lib/jvm/java-11-openjdk-amd64/lib/server/classes.jsa
fff6b000-100000000 rw-p 00000000 00:00 0 
800000000-800002000 rwxp 00001000 08:01 1180613                          /usr/lib/jvm/java-11-openjdk-amd64/lib/server/classes.jsa
800002000-8003b9000 rw-p 00003000 08:01 1180613                          /usr/lib/jvm/java-11-openjdk-amd64/lib/server/classes.jsa
8003b9000-800a96000 r--p 003ba000 08:01 1180613                          /usr/lib/jvm/java-11-openjdk-amd64/lib/server/classes.jsa
800a96000-800a97000 rw-p 00a97000 08:01 1180613                          /usr/lib/jvm/java-11-openjdk-amd64/lib/server/classes.jsa
800a97000-8010a5000 r--p 00a98000 08:01 1180613                          /usr/lib/jvm/java-11-openjdk-amd64/lib/server/classes.jsa
840000000-840180000 rw-p 00000000 00:00 0 
840180000-880000000 ---p 00000000 00:00 0 
55abea427000-55abea428000 r-xp 00000000 08:01 1182272                    /usr/lib/jvm/java-11-openjdk-amd64/bin/java
55abea628000-55abea629000 r--p 00001000 08:01 1182272                    /usr/lib/jvm/java-11-openjdk-amd64/bin/java
55abea629000-55abea62a000 rw-p 00002000 08:01 1182272                    /usr/lib/jvm/java-11-openjdk-amd64/bin/java
55abeaf54000-55abeaf75000 rw-p 00000000 00:00 0                          [heap]
7fca70000000-7fca70021000 rw-p 00000000 00:00 0 
7fca70021000-7fca74000000 ---p 00000000 00:00 0 
7fca74000000-7fca74021000 rw-p 00000000 00:00 0 
7fca74021000-7fca78000000 ---p 00000000 00:00 0 
7fca78000000-7fca78443000 rw-p 00000000 00:00 0 
7fca78443000-7fca7c000000 ---p 00000000 00:00 0 
7fca7c000000-7fca7c021000 rw-p 00000000 00:00 0 
7fca7c021000-7fca80000000 ---p 00000000 00:00 0 
7fca80000000-7fca80021000 rw-p 00000000 00:00 0 
7fca80021000-7fca84000000 ---p 00000000 00:00 0 
7fca84000000-7fca846a9000 rw-p 00000000 00:00 0 
7fca846a9000-7fca88000000 ---p 00000000 00:00 0 
7fca88000000-7fca88021000 rw-p 00000000 00:00 0 
7fca88021000-7fca8c000000 ---p 00000000 00:00 0 
7fca8c000000-7fca8c021000 rw-p 00000000 00:00 0 
7fca8c021000-7fca90000000 ---p 00000000 00:00 0 
7fca90000000-7fca90021000 rw-p 00000000 00:00 0 
7fca90021000-7fca94000000 ---p 00000000 00:00 0 
7fca94000000-7fca94021000 rw-p 00000000 00:00 0 
7fca94021000-7fca98000000 ---p 00000000 00:00 0 
7fca98000000-7fca98021000 rw-p 00000000 00:00 0 
7fca98021000-7fca9c000000 ---p 00000000 00:00 0 
7fca9c8fd000-7fca9c943000 r-xp 00000000 08:01 2885493                    /home/fabian/Schreibtisch/JViconDataStream2/JViconDataStream/natives/linux-amd64/libjViconDataStreamSDK.so
7fca9c943000-7fca9cb42000 ---p 00046000 08:01 2885493                    /home/fabian/Schreibtisch/JViconDataStream2/JViconDataStream/natives/linux-amd64/libjViconDataStreamSDK.so
7fca9cb42000-7fca9cb44000 r--p 00045000 08:01 2885493                    /home/fabian/Schreibtisch/JViconDataStream2/JViconDataStream/natives/linux-amd64/libjViconDataStreamSDK.so
7fca9cb44000-7fca9cb45000 rw-p 00047000 08:01 2885493                    /home/fabian/Schreibtisch/JViconDataStream2/JViconDataStream/natives/linux-amd64/libjViconDataStreamSDK.so
7fca9cb45000-7fca9cb47000 r-xp 00000000 08:01 655377                     /tmp/jogamp_0000/file_cache/jln10985514689804353450/jln9701685379463069292/natives/linux-amd64/libgluegen_rt.so
7fca9cb47000-7fca9cd47000 ---p 00002000 08:01 655377                     /tmp/jogamp_0000/file_cache/jln10985514689804353450/jln9701685379463069292/natives/linux-amd64/libgluegen_rt.so
7fca9cd47000-7fca9cd48000 r--p 00002000 08:01 655377                     /tmp/jogamp_0000/file_cache/jln10985514689804353450/jln9701685379463069292/natives/linux-amd64/libgluegen_rt.so
7fca9cd48000-7fca9cd49000 rw-p 00003000 08:01 655377                     /tmp/jogamp_0000/file_cache/jln10985514689804353450/jln9701685379463069292/natives/linux-amd64/libgluegen_rt.so
7fca9cd49000-7fca9cd4a000 ---p 00000000 00:00 0 
7fca9cd4a000-7fca9ce4b000 rw-p 00000000 00:00 0 
7fca9cf98000-7fca9cf9c000 ---p 00000000 00:00 0 
7fca9cf9c000-7fca9d099000 rw-p 00000000 00:00 0 
7fca9d099000-7fca9d0af000 r-xp 00000000 08:01 1218455                    /usr/lib/jvm/java-11-openjdk-amd64/lib/libnet.so
7fca9d0af000-7fca9d2ae000 ---p 00016000 08:01 1218455                    /usr/lib/jvm/java-11-openjdk-amd64/lib/libnet.so
7fca9d2ae000-7fca9d2af000 r--p 00015000 08:01 1218455                    /usr/lib/jvm/java-11-openjdk-amd64/lib/libnet.so
7fca9d2af000-7fca9d2b0000 rw-p 00016000 08:01 1218455                    /usr/lib/jvm/java-11-openjdk-amd64/lib/libnet.so
7fca9d2b0000-7fca9d2c0000 r-xp 00000000 08:01 1218456                    /usr/lib/jvm/java-11-openjdk-amd64/lib/libnio.so
7fca9d2c0000-7fca9d4bf000 ---p 00010000 08:01 1218456                    /usr/lib/jvm/java-11-openjdk-amd64/lib/libnio.so
7fca9d4bf000-7fca9d4c0000 r--p 0000f000 08:01 1218456                    /usr/lib/jvm/java-11-openjdk-amd64/lib/libnio.so
7fca9d4c0000-7fca9d4c1000 rw-p 00010000 08:01 1218456                    /usr/lib/jvm/java-11-openjdk-amd64/lib/libnio.so
7fca9d4c1000-7fca9d4c5000 ---p 00000000 00:00 0 
7fca9d4c5000-7fca9d5c2000 rw-p 00000000 00:00 0 
7fca9d5c2000-7fca9d5c3000 ---p 00000000 00:00 0 
7fca9d5c3000-7fca9d6c4000 rw-p 00000000 00:00 0 
7fca9d6c4000-7fca9d6c8000 ---p 00000000 00:00 0 
7fca9d6c8000-7fca9d7c5000 rw-p 00000000 00:00 0 
7fca9d7c5000-7fca9d7c9000 ---p 00000000 00:00 0 
7fca9d7c9000-7fca9d8c6000 rw-p 00000000 00:00 0 
7fca9d8c6000-7fca9d8ca000 ---p 00000000 00:00 0 
7fca9d8ca000-7fca9d9c7000 rw-p 00000000 00:00 0 
7fca9d9c7000-7fca9d9cb000 ---p 00000000 00:00 0 
7fca9d9cb000-7fca9dac8000 rw-p 00000000 00:00 0 
7fca9dac8000-7fca9dacc000 ---p 00000000 00:00 0 
7fca9dacc000-7fca9dbc9000 rw-p 00000000 00:00 0 
7fca9dbc9000-7fca9deff000 r--p 00000000 08:01 1182035                    /usr/lib/locale/locale-archive
7fca9deff000-7fca9df03000 ---p 00000000 00:00 0 
7fca9df03000-7fcaa0000000 rw-p 00000000 00:00 0 
7fcaa0000000-7fcaa0021000 rw-p 00000000 00:00 0 
7fcaa0021000-7fcaa4000000 ---p 00000000 00:00 0 
7fcaa4000000-7fcaa4021000 rw-p 00000000 00:00 0 
7fcaa4021000-7fcaa8000000 ---p 00000000 00:00 0 
7fcaa8000000-7fcaa8021000 rw-p 00000000 00:00 0 
7fcaa8021000-7fcaac000000 ---p 00000000 00:00 0 
7fcaac0ae000-7fcaac0b2000 ---p 00000000 00:00 0 
7fcaac0b2000-7fcaac1af000 rw-p 00000000 00:00 0 
7fcaac1af000-7fcaac1b0000 ---p 00000000 00:00 0 
7fcaac1b0000-7fcaaca4d000 rw-p 00000000 00:00 0 
7fcaaca4d000-7fcaacb8d000 ---p 00000000 00:00 0 
7fcaacb8d000-7fcaacb8e000 ---p 00000000 00:00 0 
7fcaacb8e000-7fcaacc8f000 rw-p 00000000 00:00 0 
7fcaacc8f000-7fcaacc90000 ---p 00000000 00:00 0 
7fcaacc90000-7fcaacf93000 rw-p 00000000 00:00 0 
7fcaacf93000-7fcaacf94000 ---p 00000000 00:00 0 
7fcaacf94000-7fcaad095000 rw-p 00000000 00:00 0 
7fcaad095000-7fcaad096000 ---p 00000000 00:00 0 
7fcaad096000-7fcaad28f000 rw-p 00000000 00:00 0 
7fcaad28f000-7fcaae0f7000 ---p 00000000 00:00 0 
7fcaae0f7000-7fcaae1f7000 rw-p 00000000 00:00 0 
7fcaae1f7000-7fcaaf05f000 ---p 00000000 00:00 0 
7fcaaf05f000-7fcaaf086000 rw-p 00000000 00:00 0 
7fcaaf086000-7fcaaf253000 ---p 00000000 00:00 0 
7fcaaf253000-7fcaaf273000 rw-p 00000000 00:00 0 
7fcaaf273000-7fcaaf440000 ---p 00000000 00:00 0 
7fcaaf440000-7fcaaf460000 rw-p 00000000 00:00 0 
7fcaaf460000-7fcaaf62d000 ---p 00000000 00:00 0 
7fcaaf62d000-7fcaaf830000 rw-p 00000000 00:00 0 
7fcaaf830000-7fcaaf831000 ---p 00000000 00:00 0 
7fcaaf831000-7fcaaf937000 rw-p 00000000 00:00 0 
7fcaaf937000-7fcaafa1d000 ---p 00000000 00:00 0 
7fcaafa1d000-7fcaafc8d000 rwxp 00000000 00:00 0 
7fcaafc8d000-7fcaaffac000 ---p 00000000 00:00 0 
7fcaaffac000-7fcab021c000 rwxp 00000000 00:00 0 
7fcab021c000-7fcab74e4000 ---p 00000000 00:00 0 
7fcab74e4000-7fcab7754000 rwxp 00000000 00:00 0 
7fcab7754000-7fcabea1d000 ---p 00000000 00:00 0 
7fcabea1d000-7fcabea24000 r-xp 00000000 08:01 1218464                    /usr/lib/jvm/java-11-openjdk-amd64/lib/libzip.so
7fcabea24000-7fcabec23000 ---p 00007000 08:01 1218464                    /usr/lib/jvm/java-11-openjdk-amd64/lib/libzip.so
7fcabec23000-7fcabec24000 r--p 00006000 08:01 1218464                    /usr/lib/jvm/java-11-openjdk-amd64/lib/libzip.so
7fcabec24000-7fcabec25000 rw-p 00007000 08:01 1218464                    /usr/lib/jvm/java-11-openjdk-amd64/lib/libzip.so
7fcabec25000-7fcabec30000 r-xp 00000000 08:01 3014970                    /lib/x86_64-linux-gnu/libnss_files-2.27.so
7fcabec30000-7fcabee2f000 ---p 0000b000 08:01 3014970                    /lib/x86_64-linux-gnu/libnss_files-2.27.so
7fcabee2f000-7fcabee30000 r--p 0000a000 08:01 3014970                    /lib/x86_64-linux-gnu/libnss_files-2.27.so
7fcabee30000-7fcabee31000 rw-p 0000b000 08:01 3014970                    /lib/x86_64-linux-gnu/libnss_files-2.27.so
7fcabee31000-7fcabee37000 rw-p 00000000 00:00 0 
7fcabee37000-7fcabee4e000 r-xp 00000000 08:01 3014967                    /lib/x86_64-linux-gnu/libnsl-2.27.so
7fcabee4e000-7fcabf04d000 ---p 00017000 08:01 3014967                    /lib/x86_64-linux-gnu/libnsl-2.27.so
7fcabf04d000-7fcabf04e000 r--p 00016000 08:01 3014967                    /lib/x86_64-linux-gnu/libnsl-2.27.so
7fcabf04e000-7fcabf04f000 rw-p 00017000 08:01 3014967                    /lib/x86_64-linux-gnu/libnsl-2.27.so
7fcabf04f000-7fcabf051000 rw-p 00000000 00:00 0 
7fcabf051000-7fcabf05c000 r-xp 00000000 08:01 3014972                    /lib/x86_64-linux-gnu/libnss_nis-2.27.so
7fcabf05c000-7fcabf25b000 ---p 0000b000 08:01 3014972                    /lib/x86_64-linux-gnu/libnss_nis-2.27.so
7fcabf25b000-7fcabf25c000 r--p 0000a000 08:01 3014972                    /lib/x86_64-linux-gnu/libnss_nis-2.27.so
7fcabf25c000-7fcabf25d000 rw-p 0000b000 08:01 3014972                    /lib/x86_64-linux-gnu/libnss_nis-2.27.so
7fcabf25d000-7fcabf265000 r-xp 00000000 08:01 3014968                    /lib/x86_64-linux-gnu/libnss_compat-2.27.so
7fcabf265000-7fcabf465000 ---p 00008000 08:01 3014968                    /lib/x86_64-linux-gnu/libnss_compat-2.27.so
7fcabf465000-7fcabf466000 r--p 00008000 08:01 3014968                    /lib/x86_64-linux-gnu/libnss_compat-2.27.so
7fcabf466000-7fcabf467000 rw-p 00009000 08:01 3014968                    /lib/x86_64-linux-gnu/libnss_compat-2.27.so
7fcabf467000-7fcac7bce000 r--s 00000000 08:01 1218465                    /usr/lib/jvm/java-11-openjdk-amd64/lib/modules
7fcac7bce000-7fcac7bd3000 r-xp 00000000 08:01 1218447                    /usr/lib/jvm/java-11-openjdk-amd64/lib/libjimage.so
7fcac7bd3000-7fcac7dd2000 ---p 00005000 08:01 1218447                    /usr/lib/jvm/java-11-openjdk-amd64/lib/libjimage.so
7fcac7dd2000-7fcac7dd3000 r--p 00004000 08:01 1218447                    /usr/lib/jvm/java-11-openjdk-amd64/lib/libjimage.so
7fcac7dd3000-7fcac7dd4000 rw-p 00005000 08:01 1218447                    /usr/lib/jvm/java-11-openjdk-amd64/lib/libjimage.so
7fcac7dd4000-7fcac7dfd000 r-xp 00000000 08:01 1218443                    /usr/lib/jvm/java-11-openjdk-amd64/lib/libjava.so
7fcac7dfd000-7fcac7ffd000 ---p 00029000 08:01 1218443                    /usr/lib/jvm/java-11-openjdk-amd64/lib/libjava.so
7fcac7ffd000-7fcac7ffe000 r--p 00029000 08:01 1218443                    /usr/lib/jvm/java-11-openjdk-amd64/lib/libjava.so
7fcac7ffe000-7fcac7fff000 rw-p 0002a000 08:01 1218443                    /usr/lib/jvm/java-11-openjdk-amd64/lib/libjava.so
7fcac7fff000-7fcac8000000 rw-p 00000000 00:00 0 
7fcac8000000-7fcac83ec000 rw-p 00000000 00:00 0 
7fcac83ec000-7fcacc000000 ---p 00000000 00:00 0 
7fcacc002000-7fcacc006000 ---p 00000000 00:00 0 
7fcacc006000-7fcacc029000 rw-p 00000000 00:00 0 
7fcacc029000-7fcacc10f000 ---p 00000000 00:00 0 
7fcacc10f000-7fcacc11c000 r-xp 00000000 08:01 1218463                    /usr/lib/jvm/java-11-openjdk-amd64/lib/libverify.so
7fcacc11c000-7fcacc31b000 ---p 0000d000 08:01 1218463                    /usr/lib/jvm/java-11-openjdk-amd64/lib/libverify.so
7fcacc31b000-7fcacc31d000 r--p 0000c000 08:01 1218463                    /usr/lib/jvm/java-11-openjdk-amd64/lib/libverify.so
7fcacc31d000-7fcacc31e000 rw-p 0000e000 08:01 1218463                    /usr/lib/jvm/java-11-openjdk-amd64/lib/libverify.so
7fcacc31e000-7fcacc325000 r-xp 00000000 08:01 3014977                    /lib/x86_64-linux-gnu/librt-2.27.so
7fcacc325000-7fcacc524000 ---p 00007000 08:01 3014977                    /lib/x86_64-linux-gnu/librt-2.27.so
7fcacc524000-7fcacc525000 r--p 00006000 08:01 3014977                    /lib/x86_64-linux-gnu/librt-2.27.so
7fcacc525000-7fcacc526000 rw-p 00007000 08:01 3014977                    /lib/x86_64-linux-gnu/librt-2.27.so
7fcacc526000-7fcacc53d000 r-xp 00000000 08:01 3024760                    /lib/x86_64-linux-gnu/libgcc_s.so.1
7fcacc53d000-7fcacc73c000 ---p 00017000 08:01 3024760                    /lib/x86_64-linux-gnu/libgcc_s.so.1
7fcacc73c000-7fcacc73d000 r--p 00016000 08:01 3024760                    /lib/x86_64-linux-gnu/libgcc_s.so.1
7fcacc73d000-7fcacc73e000 rw-p 00017000 08:01 3024760                    /lib/x86_64-linux-gnu/libgcc_s.so.1
7fcacc73e000-7fcacc8db000 r-xp 00000000 08:01 3014962                    /lib/x86_64-linux-gnu/libm-2.27.so
7fcacc8db000-7fcaccada000 ---p 0019d000 08:01 3014962                    /lib/x86_64-linux-gnu/libm-2.27.so
7fcaccada000-7fcaccadb000 r--p 0019c000 08:01 3014962                    /lib/x86_64-linux-gnu/libm-2.27.so
7fcaccadb000-7fcaccadc000 rw-p 0019d000 08:01 3014962                    /lib/x86_64-linux-gnu/libm-2.27.so
7fcaccadc000-7fcaccc55000 r-xp 00000000 08:01 1182466                    /usr/lib/x86_64-linux-gnu/libstdc++.so.6.0.25
7fcaccc55000-7fcacce55000 ---p 00179000 08:01 1182466                    /usr/lib/x86_64-linux-gnu/libstdc++.so.6.0.25
7fcacce55000-7fcacce5f000 r--p 00179000 08:01 1182466                    /usr/lib/x86_64-linux-gnu/libstdc++.so.6.0.25
7fcacce5f000-7fcacce61000 rw-p 00183000 08:01 1182466                    /usr/lib/x86_64-linux-gnu/libstdc++.so.6.0.25
7fcacce61000-7fcacce65000 rw-p 00000000 00:00 0 
7fcacce65000-7fcace056000 r-xp 00000000 08:01 1218468                    /usr/lib/jvm/java-11-openjdk-amd64/lib/server/libjvm.so
7fcace056000-7fcace255000 ---p 011f1000 08:01 1218468                    /usr/lib/jvm/java-11-openjdk-amd64/lib/server/libjvm.so
7fcace255000-7fcace316000 r--p 011f0000 08:01 1218468                    /usr/lib/jvm/java-11-openjdk-amd64/lib/server/libjvm.so
7fcace316000-7fcace351000 rw-p 012b1000 08:01 1218468                    /usr/lib/jvm/java-11-openjdk-amd64/lib/server/libjvm.so
7fcace351000-7fcace3a8000 rw-p 00000000 00:00 0 
7fcace3a8000-7fcace3c2000 r-xp 00000000 08:01 3014975                    /lib/x86_64-linux-gnu/libpthread-2.27.so
7fcace3c2000-7fcace5c1000 ---p 0001a000 08:01 3014975                    /lib/x86_64-linux-gnu/libpthread-2.27.so
7fcace5c1000-7fcace5c2000 r--p 00019000 08:01 3014975                    /lib/x86_64-linux-gnu/libpthread-2.27.so
7fcace5c2000-7fcace5c3000 rw-p 0001a000 08:01 3014975                    /lib/x86_64-linux-gnu/libpthread-2.27.so
7fcace5c3000-7fcace5c7000 rw-p 00000000 00:00 0 
7fcace5c7000-7fcace5ca000 r-xp 00000000 08:01 3014961                    /lib/x86_64-linux-gnu/libdl-2.27.so
7fcace5ca000-7fcace7c9000 ---p 00003000 08:01 3014961                    /lib/x86_64-linux-gnu/libdl-2.27.so
7fcace7c9000-7fcace7ca000 r--p 00002000 08:01 3014961                    /lib/x86_64-linux-gnu/libdl-2.27.so
7fcace7ca000-7fcace7cb000 rw-p 00003000 08:01 3014961                    /lib/x86_64-linux-gnu/libdl-2.27.so
7fcace7cb000-7fcace7e7000 r-xp 00000000 08:01 3020135                    /lib/x86_64-linux-gnu/libz.so.1.2.11
7fcace7e7000-7fcace9e6000 ---p 0001c000 08:01 3020135                    /lib/x86_64-linux-gnu/libz.so.1.2.11
7fcace9e6000-7fcace9e7000 r--p 0001b000 08:01 3020135                    /lib/x86_64-linux-gnu/libz.so.1.2.11
7fcace9e7000-7fcace9e8000 rw-p 0001c000 08:01 3020135                    /lib/x86_64-linux-gnu/libz.so.1.2.11
7fcace9e8000-7fcacebcf000 r-xp 00000000 08:01 3014958                    /lib/x86_64-linux-gnu/libc-2.27.so
7fcacebcf000-7fcacedcf000 ---p 001e7000 08:01 3014958                    /lib/x86_64-linux-gnu/libc-2.27.so
7fcacedcf000-7fcacedd3000 r--p 001e7000 08:01 3014958                    /lib/x86_64-linux-gnu/libc-2.27.so
7fcacedd3000-7fcacedd5000 rw-p 001eb000 08:01 3014958                    /lib/x86_64-linux-gnu/libc-2.27.so
7fcacedd5000-7fcacedd9000 rw-p 00000000 00:00 0 
7fcacedd9000-7fcacede9000 r-xp 00000000 08:01 1188490                    /usr/lib/jvm/java-11-openjdk-amd64/lib/jli/libjli.so
7fcacede9000-7fcacefe8000 ---p 00010000 08:01 1188490                    /usr/lib/jvm/java-11-openjdk-amd64/lib/jli/libjli.so
7fcacefe8000-7fcacefe9000 r--p 0000f000 08:01 1188490                    /usr/lib/jvm/java-11-openjdk-amd64/lib/jli/libjli.so
7fcacefe9000-7fcacefea000 rw-p 00010000 08:01 1188490                    /usr/lib/jvm/java-11-openjdk-amd64/lib/jli/libjli.so
7fcacefea000-7fcacf013000 r-xp 00000000 08:01 3014917                    /lib/x86_64-linux-gnu/ld-2.27.so
7fcacf031000-7fcacf0ed000 rw-p 00000000 00:00 0 
7fcacf0ed000-7fcacf0f1000 ---p 00000000 00:00 0 
7fcacf0f1000-7fcacf1f0000 rw-p 00000000 00:00 0 
7fcacf1f8000-7fcacf1f9000 r--p 00000000 00:00 0 
7fcacf1f9000-7fcacf1fe000 rw-p 00000000 00:00 0 
7fcacf1fe000-7fcacf205000 ---p 00000000 00:00 0 
7fcacf205000-7fcacf207000 r--s 00007000 08:01 1579314                    /usr/share/java/java-atk-wrapper.jar
7fcacf207000-7fcacf20f000 rw-s 00000000 08:01 655380                     /tmp/hsperfdata_fabian/12407
7fcacf20f000-7fcacf210000 ---p 00000000 00:00 0 
7fcacf210000-7fcacf211000 r--p 00000000 00:00 0 
7fcacf211000-7fcacf213000 rw-p 00000000 00:00 0 
7fcacf213000-7fcacf214000 r--p 00029000 08:01 3014917                    /lib/x86_64-linux-gnu/ld-2.27.so
7fcacf214000-7fcacf215000 rw-p 0002a000 08:01 3014917                    /lib/x86_64-linux-gnu/ld-2.27.so
7fcacf215000-7fcacf216000 rw-p 00000000 00:00 0 
7ffcdcec2000-7ffcdcee3000 rw-p 00000000 00:00 0                          [stack]
7ffcdcfc3000-7ffcdcfc6000 r--p 00000000 00:00 0                          [vvar]
7ffcdcfc6000-7ffcdcfc7000 r-xp 00000000 00:00 0                          [vdso]
ffffffffff600000-ffffffffff601000 --xp 00000000 00:00 0                  [vsyscall]


VM Arguments:
jvm_args: -enableassertions 
java_command: de.dhbw.rahmlab.vicon.datastream.test.ViconStringWrapperTest
java_class_path (initial): /home/fabian/Schreibtisch/JViconDataStream2/JViconDataStream/target/classes:/home/fabian/.m2/repository/de/dhbw/rahmlab/NativeLibLoader/1.0-SNAPSHOT/NativeLibLoader-1.0-SNAPSHOT.jar:/home/fabian/.m2/repository/com/thoughtworks/qdox/qdox/2.0.0/qdox-2.0.0.jar
Launcher Type: SUN_STANDARD

[Global flags]
     intx CICompilerCount                          = 2                                         {product} {ergonomic}
     uint ConcGCThreads                            = 1                                         {product} {ergonomic}
     uint G1ConcRefinementThreads                  = 2                                         {product} {ergonomic}
   size_t G1HeapRegionSize                         = 1048576                                   {product} {ergonomic}
    uintx GCDrainStackTargetSize                   = 64                                        {product} {ergonomic}
   size_t InitialHeapSize                          = 65011712                                  {product} {ergonomic}
   size_t MarkStackSize                            = 4194304                                   {product} {ergonomic}
   size_t MaxHeapSize                              = 1033895936                                {product} {ergonomic}
   size_t MaxNewSize                               = 619708416                                 {product} {ergonomic}
   size_t MinHeapDeltaBytes                        = 1048576                                   {product} {ergonomic}
    uintx NonNMethodCodeHeapSize                   = 5825164                                {pd product} {ergonomic}
    uintx NonProfiledCodeHeapSize                  = 122916538                              {pd product} {ergonomic}
    uintx ProfiledCodeHeapSize                     = 122916538                              {pd product} {ergonomic}
    uintx ReservedCodeCacheSize                    = 251658240                              {pd product} {ergonomic}
     bool SegmentedCodeCache                       = true                                      {product} {ergonomic}
     bool UseCompressedClassPointers               = true                                 {lp64_product} {ergonomic}
     bool UseCompressedOops                        = true                                 {lp64_product} {ergonomic}
     bool UseG1GC                                  = true                                      {product} {ergonomic}

Logging:
Log output configuration:
 #0: stdout all=warning uptime,level,tags
 #1: stderr all=off uptime,level,tags

Environment Variables:
JAVA_HOME=/usr/lib/jvm/default-java
PATH=/home/fabian/.local/bin:/usr/local/sbin:/usr/local/bin:/usr/sbin:/usr/bin:/sbin:/bin:/usr/games:/usr/local/games:/snap/bin
SHELL=/bin/bash
DISPLAY=:0
LANG=de_DE.UTF-8

Signal Handlers:
SIGSEGV: [libjvm.so+0xeeaf50], sa_mask[0]=11111111011111111101111111111110, sa_flags=SA_RESTART|SA_SIGINFO
SIGBUS: [libjvm.so+0xeeaf50], sa_mask[0]=11111111011111111101111111111110, sa_flags=SA_RESTART|SA_SIGINFO
SIGFPE: [libjvm.so+0xeeaf50], sa_mask[0]=11111111011111111101111111111110, sa_flags=SA_RESTART|SA_SIGINFO
SIGPIPE: [libjvm.so+0xc0ee30], sa_mask[0]=11111111011111111101111111111110, sa_flags=SA_RESTART|SA_SIGINFO
SIGXFSZ: [libjvm.so+0xc0ee30], sa_mask[0]=11111111011111111101111111111110, sa_flags=SA_RESTART|SA_SIGINFO
SIGILL: [libjvm.so+0xeeaf50], sa_mask[0]=11111111011111111101111111111110, sa_flags=SA_RESTART|SA_SIGINFO
SIGUSR2: [libjvm.so+0xc0ecd0], sa_mask[0]=00100000000000000000000000000000, sa_flags=SA_RESTART|SA_SIGINFO
SIGHUP: [libjvm.so+0xc0f030], sa_mask[0]=11111111011111111101111111111110, sa_flags=SA_RESTART|SA_SIGINFO
SIGINT: SIG_IGN, sa_mask[0]=00000000000000000000000000000000, sa_flags=none
SIGTERM: [libjvm.so+0xc0f030], sa_mask[0]=11111111011111111101111111111110, sa_flags=SA_RESTART|SA_SIGINFO
SIGQUIT: [libjvm.so+0xc0f030], sa_mask[0]=11111111011111111101111111111110, sa_flags=SA_RESTART|SA_SIGINFO


---------------  S Y S T E M  ---------------

OS:DISTRIB_ID=Ubuntu
DISTRIB_RELEASE=18.04
DISTRIB_CODENAME=bionic
DISTRIB_DESCRIPTION="Ubuntu 18.04.5 LTS"
uname:Linux 5.4.0-60-generic #67~18.04.1-Ubuntu SMP Tue Jan 5 22:01:05 UTC 2021 x86_64
OS uptime: 0 days 1:56 hours
libc:glibc 2.27 NPTL 2.27 
rlimit (soft/hard): STACK 8192k/infinity , CORE 0k/infinity , NPROC 15464/15464 , NOFILE 1048576/1048576 , AS infinity/infinity , CPU infinity/infinity , DATA infinity/infinity , FSIZE infinity/infinity , MEMLOCK 65536k/65536k
load average:2,02 1,40 1,60

/proc/meminfo:
MemTotal:        4030664 kB
MemFree:          850192 kB
MemAvailable:    1858860 kB
Buffers:          244136 kB
Cached:           973676 kB
SwapCached:            0 kB
Active:          2335924 kB
Inactive:         637332 kB
Active(anon):    1513592 kB
Inactive(anon):   297380 kB
Active(file):     822332 kB
Inactive(file):   339952 kB
Unevictable:           0 kB
Mlocked:               0 kB
SwapTotal:       2097148 kB
SwapFree:        2096636 kB
Dirty:              8808 kB
Writeback:             0 kB
AnonPages:       1755468 kB
Mapped:           326544 kB
Shmem:             55528 kB
KReclaimable:      98736 kB
Slab:             129752 kB
SReclaimable:      98736 kB
SUnreclaim:        31016 kB
KernelStack:        7264 kB
PageTables:        35856 kB
NFS_Unstable:          0 kB
Bounce:                0 kB
WritebackTmp:          0 kB
CommitLimit:     4112480 kB
Committed_AS:    4049516 kB
VmallocTotal:   34359738367 kB
VmallocUsed:       30116 kB
VmallocChunk:          0 kB
Percpu:              584 kB
HardwareCorrupted:     0 kB
AnonHugePages:         0 kB
ShmemHugePages:        0 kB
ShmemPmdMapped:        0 kB
FileHugePages:         0 kB
FilePmdMapped:         0 kB
CmaTotal:              0 kB
CmaFree:               0 kB
HugePages_Total:       0
HugePages_Free:        0
HugePages_Rsvd:        0
HugePages_Surp:        0
Hugepagesize:       2048 kB
Hugetlb:               0 kB
DirectMap4k:      122816 kB
DirectMap2M:     4071424 kB

/sys/kernel/mm/transparent_hugepage/enabled:
always [madvise] never
/sys/kernel/mm/transparent_hugepage/defrag (defrag/compaction efforts parameter):
always defer defer+madvise [madvise] never

/proc/sys/kernel/threads-max (system-wide limit on the number of threads):
30929
/proc/sys/vm/max_map_count (maximum number of memory map areas a process may have):
65530
/proc/sys/kernel/pid_max (system-wide limit on number of process identifiers):
32768

container (cgroup) information:
container_type: cgroupv1
cpu_cpuset_cpus: 0-1
cpu_memory_nodes: 0
active_processor_count: 2
cpu_quota: -1
cpu_period: 100000
cpu_shares: -1
memory_limit_in_bytes: -1
memory_and_swap_limit_in_bytes: -2
memory_soft_limit_in_bytes: -1
memory_usage_in_bytes: 3044536320
memory_max_usage_in_bytes: 0

KVM virtualization detected
Steal ticks since vm start: 0
Steal ticks percentage since vm start:  0,000

CPU:total 2 (initial active 2) (2 cores per cpu, 1 threads per core) family 6 model 78 stepping 3, cmov, cx8, fxsr, mmx, sse, sse2, sse3, ssse3, sse4.1, sse4.2, popcnt, avx, avx2, aes, clmul, 3dnowpref, lzcnt, tsc, tscinvbit
CPU Model and flags from /proc/cpuinfo:
model name	: Intel(R) Core(TM) i3-6100U CPU @ 2.30GHz
flags		: fpu vme de pse tsc msr pae mce cx8 apic sep mtrr pge mca cmov pat pse36 clflush mmx fxsr sse sse2 ht syscall nx rdtscp lm constant_tsc rep_good nopl xtopology nonstop_tsc cpuid tsc_known_freq pni pclmulqdq ssse3 cx16 pcid sse4_1 sse4_2 x2apic movbe popcnt aes xsave avx rdrand hypervisor lahf_lm abm 3dnowprefetch invpcid_single pti fsgsbase avx2 invpcid rdseed clflushopt md_clear flush_l1d
Online cpus:
0-1
Offline cpus:

BIOS frequency limitation:
<Not Available>
Frequency switch latency (ns):
<Not Available>
Available cpu frequencies:
<Not Available>
Current governor:
<Not Available>
Core performance/turbo boost:
<Not Available>

Memory: 4k page, physical 4030664k(850192k free), swap 2097148k(2096636k free)

vm_info: OpenJDK 64-Bit Server VM (11.0.9.1+1-Ubuntu-0ubuntu1.18.04) for linux-amd64 JRE (11.0.9.1+1-Ubuntu-0ubuntu1.18.04), built on Nov 10 2020 04:18:42 by "unknown" with gcc 7.5.0

END.
