#
# A fatal error has been detected by the Java Runtime Environment:
#
#  SIGSEGV (0xb) at pc=0x00007f19e789f350, pid=32614, tid=32616
#
# JRE version: OpenJDK Runtime Environment (11.0.9.1+1) (build 11.0.9.1+1-Ubuntu-0ubuntu1.18.04)
# Java VM: OpenJDK 64-Bit Server VM (11.0.9.1+1-Ubuntu-0ubuntu1.18.04, mixed mode, sharing, tiered, compressed oops, g1 gc, linux-amd64)
# Problematic frame:
# C  [libjViconDataStreamSDK.so+0x4350]
#
# Core dump will be written. Default location: Core dumps may be processed with "/usr/share/apport/apport %p %s %c %d %P %E" (or dumping to /home/fabian/Schreibtisch/JViconDataStream2/JViconDataStream/core.32614)
#
# If you would like to submit a bug report, please visit:
#   https://bugs.launchpad.net/ubuntu/+source/openjdk-lts
# The crash happened outside the Java Virtual Machine in native code.
# See problematic frame for where to report the bug.
#

---------------  S U M M A R Y ------------

Command Line: -enableassertions de.dhbw.rahmlab.vicon.datastream.test.ViconStringWrapperTest

Host: Intel(R) Core(TM) i3-6100U CPU @ 2.30GHz, 2 cores, 3G, Ubuntu 18.04.5 LTS
Time: Wed Jan 13 14:09:54 2021 CET elapsed time: 0.911023 seconds (0d 0h 0m 0s)

---------------  T H R E A D  ---------------

Current thread (0x00007f1a3c017000):  JavaThread "main" [_thread_in_native, id=32616, stack(0x00007f1a46047000,0x00007f1a46148000)]

Stack: [0x00007f1a46047000,0x00007f1a46148000],  sp=0x00007f1a46144d18,  free space=1015k
Native frames: (J=compiled Java code, A=aot compiled Java code, j=interpreted, Vv=VM code, C=native code)
C  [libjViconDataStreamSDK.so+0x4350]

Java frames: (J=compiled Java code, j=interpreted, Vv=VM code)
j  java.lang.ClassLoader$NativeLibrary.load0(Ljava/lang/String;Z)Z+0 java.base@11.0.9.1
j  java.lang.ClassLoader$NativeLibrary.load()Z+53 java.base@11.0.9.1
j  java.lang.ClassLoader$NativeLibrary.loadLibrary(Ljava/lang/Class;Ljava/lang/String;Z)Z+216 java.base@11.0.9.1
j  java.lang.ClassLoader.loadLibrary0(Ljava/lang/Class;Ljava/io/File;)Z+46 java.base@11.0.9.1
j  java.lang.ClassLoader.loadLibrary(Ljava/lang/Class;Ljava/lang/String;Z)V+70 java.base@11.0.9.1
j  java.lang.Runtime.load0(Ljava/lang/Class;Ljava/lang/String;)V+57 java.base@11.0.9.1
j  java.lang.System.load(Ljava/lang/String;)V+7 java.base@11.0.9.1
j  de.dhbw.rahmlab.nativelibloader.impl.com.jogamp.common.jvm.JNILibLoaderBase.loadLibraryInternal(Ljava/lang/String;Ljava/lang/ClassLoader;)V+302
j  de.dhbw.rahmlab.nativelibloader.impl.com.jogamp.common.jvm.JNILibLoaderBase$DefaultAction.loadLibrary(Ljava/lang/String;ZLjava/lang/ClassLoader;)Z+12
j  de.dhbw.rahmlab.nativelibloader.impl.com.jogamp.common.jvm.JNILibLoaderBase.loadLibrary(Ljava/lang/String;ZLjava/lang/ClassLoader;)Z+12
j  de.dhbw.rahmlab.nativelibloader.impl.com.jogamp.common.os.DynamicLibraryBundle$GlueJNILibLoader.loadLibrary(Ljava/lang/String;ZLjava/lang/ClassLoader;)Z+3
j  de.dhbw.rahmlab.nativelibloader.impl.com.jogamp.common.os.DynamicLibraryBundle.loadLibraries()Lde/dhbw/rahmlab/nativelibloader/impl/com/jogamp/common/os/DynamicLinker;+270
j  de.dhbw.rahmlab.nativelibloader.impl.com.jogamp.common.os.DynamicLibraryBundle$1.run()V+9
j  de.dhbw.rahmlab.nativelibloader.impl.com.jogamp.common.util.RunnableExecutor$CurrentThreadExecutor.invoke(ZLjava/lang/Runnable;)V+1
j  de.dhbw.rahmlab.nativelibloader.impl.com.jogamp.common.os.DynamicLibraryBundle.<init>(Lde/dhbw/rahmlab/nativelibloader/impl/com/jogamp/common/os/DynamicLibraryBundleInfo;)V+244
j  de.dhbw.rahmlab.nativelibloader.api.NativeLibLoader.lambda$load$0(Lde/dhbw/rahmlab/nativelibloader/impl/com/jogamp/common/os/DynamicLibraryBundleInfo;)Lde/dhbw/rahmlab/nativelibloader/impl/com/jogamp/common/os/DynamicLibraryBundle;+5
j  de.dhbw.rahmlab.nativelibloader.api.NativeLibLoader$$Lambda$20.apply(Ljava/lang/Object;)Ljava/lang/Object;+4
j  java.util.stream.ReferencePipeline$3$1.accept(Ljava/lang/Object;)V+12 java.base@11.0.9.1
j  java.util.ArrayList$ArrayListSpliterator.forEachRemaining(Ljava/util/function/Consumer;)V+95 java.base@11.0.9.1
j  java.util.stream.AbstractPipeline.copyInto(Ljava/util/stream/Sink;Ljava/util/Spliterator;)V+32 java.base@11.0.9.1
j  java.util.stream.AbstractPipeline.wrapAndCopyInto(Ljava/util/stream/Sink;Ljava/util/Spliterator;)Ljava/util/stream/Sink;+13 java.base@11.0.9.1
j  java.util.stream.ReduceOps$ReduceOp.evaluateSequential(Ljava/util/stream/PipelineHelper;Ljava/util/Spliterator;)Ljava/lang/Object;+6 java.base@11.0.9.1
j  java.util.stream.AbstractPipeline.evaluate(Ljava/util/stream/TerminalOp;)Ljava/lang/Object;+88 java.base@11.0.9.1
j  java.util.stream.ReferencePipeline.collect(Ljava/util/stream/Collector;)Ljava/lang/Object;+86 java.base@11.0.9.1
j  de.dhbw.rahmlab.nativelibloader.api.NativeLibLoader.load(Ljava/util/List;Ljava/lang/Class;)V+68
j  de.dhbw.rahmlab.vicon.datastream.nativelib.NativeLibLoader.loadActually()V+28
j  de.dhbw.rahmlab.vicon.datastream.nativelib.NativeLibLoader.load()V+6
j  de.dhbw.rahmlab.vicon.datastream.test.ViconStringWrapperTest.<clinit>()V+0
v  ~StubRoutines::call_stub

siginfo: si_signo: 11 (SIGSEGV), si_code: 1 (SEGV_MAPERR), si_addr: 0x0000000000000000

Register to memory mapping:

RAX=0x0 is NULL
RBX=0x0 is NULL
RCX=0x00007f19e7ae26d8: <offset 0x00000000002476d8> in /home/fabian/Schreibtisch/JViconDataStream2/JViconDataStream/natives/linux-amd64/libjViconDataStreamSDK.so at 0x00007f19e789b000
RDX=0x00007fffe38698f8 points into unknown readable memory: c2 b6 86 e3 ff 7f 00 00
RSP=0x00007f1a46144d18 is pointing into the stack for thread: 0x00007f1a3c017000
RBP=0x0000000000000005 is an unknown value
RSI=0x00007fffe38698c8 points into unknown readable memory: 43 b5 86 e3 ff 7f 00 00
RDI=0x00007f19e7ae3051: <offset 0x0000000000248051> in /home/fabian/Schreibtisch/JViconDataStream2/JViconDataStream/natives/linux-amd64/libjViconDataStreamSDK.so at 0x00007f19e789b000
R8 =0x0 is NULL
R9 =0x0000000000000040 is an unknown value
R10=0x00007f1a3c31f1d0 points into unknown readable memory: 00 b0 89 e7 19 7f 00 00
R11=0x0000000000000206 is an unknown value
R12=0x00007fffe38698c8 points into unknown readable memory: 43 b5 86 e3 ff 7f 00 00
R13=0x00007fffe38698f8 points into unknown readable memory: c2 b6 86 e3 ff 7f 00 00
R14=0x00007f19e7ae1b08: <offset 0x0000000000246b08> in /home/fabian/Schreibtisch/JViconDataStream2/JViconDataStream/natives/linux-amd64/libjViconDataStreamSDK.so at 0x00007f19e789b000
R15=0x00007f1a3c31f1d0 points into unknown readable memory: 00 b0 89 e7 19 7f 00 00


Registers:
RAX=0x0000000000000000, RBX=0x0000000000000000, RCX=0x00007f19e7ae26d8, RDX=0x00007fffe38698f8
RSP=0x00007f1a46144d18, RBP=0x0000000000000005, RSI=0x00007fffe38698c8, RDI=0x00007f19e7ae3051
R8 =0x0000000000000000, R9 =0x0000000000000040, R10=0x00007f1a3c31f1d0, R11=0x0000000000000206
R12=0x00007fffe38698c8, R13=0x00007fffe38698f8, R14=0x00007f19e7ae1b08, R15=0x00007f1a3c31f1d0
RIP=0x00007f19e789f350, EFLAGS=0x0000000000010202, CSGSFS=0x002b000000000033, ERR=0x0000000000000006
  TRAPNO=0x000000000000000e

Top of Stack: (sp=0x00007f1a46144d18)
0x00007f1a46144d18:   00007f19e789f760 0000000000000005
0x00007f1a46144d28:   00007f1a45f548d3 00007f19e7ae1b18
0x00007f1a46144d38:   0000000000000000 00007f1a4616e9f0
0x00007f1a46144d48:   0000000000000000 00007f1a46144e10 

Instructions: (pc=0x00007f19e789f350)
0x00007f19e789f250:   00 00 00 00 00 00 00 00 00 00 00 00 00 00 00 00
0x00007f19e789f260:   00 00 00 00 00 00 00 00 00 00 00 00 00 00 00 00
0x00007f19e789f270:   00 00 00 00 00 00 00 00 00 00 00 00 00 00 00 00
0x00007f19e789f280:   00 00 00 00 00 00 00 00 00 00 00 00 00 00 00 00
0x00007f19e789f290:   00 00 00 00 00 00 00 00 00 00 00 00 00 00 00 00
0x00007f19e789f2a0:   00 00 00 00 00 00 00 00 00 00 00 00 00 00 00 00
0x00007f19e789f2b0:   00 00 00 00 00 00 00 00 00 00 00 00 00 00 00 00
0x00007f19e789f2c0:   00 00 00 00 00 00 00 00 00 00 00 00 00 00 00 00
0x00007f19e789f2d0:   00 00 00 00 00 00 00 00 00 00 00 00 00 00 00 00
0x00007f19e789f2e0:   00 00 00 00 00 00 00 00 00 00 00 00 00 00 00 00
0x00007f19e789f2f0:   00 00 00 00 00 00 00 00 00 00 00 00 00 00 00 00
0x00007f19e789f300:   00 00 00 00 00 00 00 00 00 00 00 00 00 00 00 00
0x00007f19e789f310:   00 00 00 00 00 00 00 00 00 00 00 00 00 00 00 00
0x00007f19e789f320:   00 00 00 00 00 00 00 00 00 00 00 00 00 00 00 00
0x00007f19e789f330:   00 00 00 00 00 00 00 00 00 00 00 00 00 00 00 00
0x00007f19e789f340:   ff 25 22 3a 24 00 68 07 00 00 00 e9 70 f6 ff ff
0x00007f19e789f350:   00 00 00 00 00 00 00 00 00 00 00 00 00 00 00 00
0x00007f19e789f360:   00 00 00 00 00 00 00 00 00 00 00 00 00 00 00 00
0x00007f19e789f370:   00 00 00 00 00 00 00 00 00 00 00 00 00 00 00 00
0x00007f19e789f380:   00 00 00 00 00 00 00 00 00 00 00 00 00 00 00 00
0x00007f19e789f390:   00 00 00 00 00 00 00 00 00 00 00 00 00 00 00 00
0x00007f19e789f3a0:   00 00 00 00 00 00 00 00 00 00 00 00 00 00 00 00
0x00007f19e789f3b0:   00 00 00 00 00 00 00 00 00 00 00 00 00 00 00 00
0x00007f19e789f3c0:   00 00 00 00 00 00 00 00 00 00 00 00 00 00 00 00
0x00007f19e789f3d0:   00 00 00 00 00 00 00 00 00 00 00 00 00 00 00 00
0x00007f19e789f3e0:   00 00 00 00 00 00 00 00 00 00 00 00 00 00 00 00
0x00007f19e789f3f0:   00 00 00 00 00 00 00 00 00 00 00 00 00 00 00 00
0x00007f19e789f400:   00 00 00 00 00 00 00 00 00 00 00 00 00 00 00 00
0x00007f19e789f410:   00 00 00 00 00 00 00 00 00 00 00 00 00 00 00 00
0x00007f19e789f420:   00 00 00 00 00 00 00 00 00 00 00 00 00 00 00 00
0x00007f19e789f430:   00 00 00 00 00 00 00 00 00 00 00 00 00 00 00 00
0x00007f19e789f440:   00 00 00 00 00 00 00 00 00 00 00 00 00 00 00 00 


Stack slot to memory mapping:
stack at sp + 0 slots: 0x00007f19e789f760: <offset 0x0000000000004760> in /home/fabian/Schreibtisch/JViconDataStream2/JViconDataStream/natives/linux-amd64/libjViconDataStreamSDK.so at 0x00007f19e789b000
stack at sp + 1 slots: 0x0000000000000005 is an unknown value
stack at sp + 2 slots: 0x00007f1a45f548d3: <offset 0x00000000000108d3> in /lib64/ld-linux-x86-64.so.2 at 0x00007f1a45f44000
stack at sp + 3 slots: 0x00007f19e7ae1b18: <offset 0x0000000000246b18> in /home/fabian/Schreibtisch/JViconDataStream2/JViconDataStream/natives/linux-amd64/libjViconDataStreamSDK.so at 0x00007f19e789b000
stack at sp + 4 slots: 0x0 is NULL
stack at sp + 5 slots: 0x00007f1a4616e9f0: _rtld_global+0x0000000000000990 in /lib64/ld-linux-x86-64.so.2 at 0x00007f1a45f44000
stack at sp + 6 slots: 0x0 is NULL
stack at sp + 7 slots: 0x00007f1a46144e10 is pointing into the stack for thread: 0x00007f1a3c017000


---------------  P R O C E S S  ---------------

Threads class SMR info:
_java_thread_list=0x00007f19f40031a0, length=10, elements={
0x00007f1a3c017000, 0x00007f1a3c0b8000, 0x00007f1a3c0ba000, 0x00007f1a3c0c0000,
0x00007f1a3c0c2000, 0x00007f1a3c0c4000, 0x00007f1a3c0c6000, 0x00007f1a3c0f6000,
0x00007f1a3c0fa800, 0x00007f1a3c265800
}

Java Threads: ( => current thread )
=>0x00007f1a3c017000 JavaThread "main" [_thread_in_native, id=32616, stack(0x00007f1a46047000,0x00007f1a46148000)]
  0x00007f1a3c0b8000 JavaThread "Reference Handler" daemon [_thread_blocked, id=32625, stack(0x00007f1a1ce95000,0x00007f1a1cf96000)]
  0x00007f1a3c0ba000 JavaThread "Finalizer" daemon [_thread_blocked, id=32626, stack(0x00007f1a1cd94000,0x00007f1a1ce95000)]
  0x00007f1a3c0c0000 JavaThread "Signal Dispatcher" daemon [_thread_blocked, id=32627, stack(0x00007f1a1c95d000,0x00007f1a1ca5e000)]
  0x00007f1a3c0c2000 JavaThread "C2 CompilerThread0" daemon [_thread_in_native, id=32628, stack(0x00007f1a1c85c000,0x00007f1a1c95d000)]
  0x00007f1a3c0c4000 JavaThread "C1 CompilerThread0" daemon [_thread_blocked, id=32629, stack(0x00007f1a1c75b000,0x00007f1a1c85c000)]
  0x00007f1a3c0c6000 JavaThread "Sweeper thread" daemon [_thread_blocked, id=32630, stack(0x00007f1a1c65a000,0x00007f1a1c75b000)]
  0x00007f1a3c0f6000 JavaThread "Service Thread" daemon [_thread_blocked, id=32631, stack(0x00007f1a1c559000,0x00007f1a1c65a000)]
  0x00007f1a3c0fa800 JavaThread "Common-Cleaner" daemon [_thread_blocked, id=32633, stack(0x00007f1a1c356000,0x00007f1a1c457000)]
  0x00007f1a3c265800 JavaThread "process reaper" daemon [_thread_blocked, id=32636, stack(0x00007f1a400dc000,0x00007f1a400fe000)]

Other Threads:
  0x00007f1a3c0b5800 VMThread "VM Thread" [stack: 0x00007f1a1cf98000,0x00007f1a1d098000] [id=32624]
  0x00007f1a3c0f8000 WatcherThread [stack: 0x00007f1a1c459000,0x00007f1a1c559000] [id=32632]
  0x00007f1a3c02f000 GCTaskThread "GC Thread#0" [stack: 0x00007f1a41f17000,0x00007f1a42017000] [id=32617]
  0x00007f1a0c001000 GCTaskThread "GC Thread#1" [stack: 0x00007f1a1c045000,0x00007f1a1c145000] [id=32634]
  0x00007f1a3c04a800 ConcurrentGCThread "G1 Main Marker" [stack: 0x00007f1a406e4000,0x00007f1a407e4000] [id=32620]
  0x00007f1a3c04c000 ConcurrentGCThread "G1 Conc#0" [stack: 0x00007f1a405e2000,0x00007f1a406e2000] [id=32621]
  0x00007f1a3c087800 ConcurrentGCThread "G1 Refine#0" [stack: 0x00007f1a402de000,0x00007f1a403de000] [id=32622]
  0x00007f1a3c089000 ConcurrentGCThread "G1 Young RemSet Sampling" [stack: 0x00007f1a401dc000,0x00007f1a402dc000] [id=32623]

Threads with active compile tasks:
C2 CompilerThread0    922  939       4       jdk.internal.org.objectweb.asm.Frame::type (416 bytes)

VM state:not at safepoint (normal execution)

VM Mutex/Monitor currently owned by a thread: None

Heap address: 0x00000000c2600000, size: 986 MB, Compressed Oops mode: 32-bit
Narrow klass base: 0x0000000800000000, Narrow klass shift: 3
Compressed class space size: 1073741824 Address: 0x0000000840000000

Heap:
 garbage-first heap   total 65536K, used 19083K [0x00000000c2600000, 0x0000000100000000)
  region size 1024K, 19 young (19456K), 1 survivors (1024K)
 Metaspace       used 5379K, capacity 8252K, committed 8448K, reserved 1056768K
  class space    used 811K, capacity 1475K, committed 1536K, reserved 1048576K
Heap Regions: E=young(eden), S=young(survivor), O=old, HS=humongous(starts), HC=humongous(continues), CS=collection set, F=free, A=archive, TAMS=top-at-mark-start (previous, next)
|   0|0x00000000c2600000, 0x00000000c2600000, 0x00000000c2700000|  0%| F|  |TAMS 0x00000000c2600000, 0x00000000c2600000| Untracked 
|   1|0x00000000c2700000, 0x00000000c2700000, 0x00000000c2800000|  0%| F|  |TAMS 0x00000000c2700000, 0x00000000c2700000| Untracked 
|   2|0x00000000c2800000, 0x00000000c2800000, 0x00000000c2900000|  0%| F|  |TAMS 0x00000000c2800000, 0x00000000c2800000| Untracked 
|   3|0x00000000c2900000, 0x00000000c2900000, 0x00000000c2a00000|  0%| F|  |TAMS 0x00000000c2900000, 0x00000000c2900000| Untracked 
|   4|0x00000000c2a00000, 0x00000000c2a00000, 0x00000000c2b00000|  0%| F|  |TAMS 0x00000000c2a00000, 0x00000000c2a00000| Untracked 
|   5|0x00000000c2b00000, 0x00000000c2b00000, 0x00000000c2c00000|  0%| F|  |TAMS 0x00000000c2b00000, 0x00000000c2b00000| Untracked 
|   6|0x00000000c2c00000, 0x00000000c2c00000, 0x00000000c2d00000|  0%| F|  |TAMS 0x00000000c2c00000, 0x00000000c2c00000| Untracked 
|   7|0x00000000c2d00000, 0x00000000c2d00000, 0x00000000c2e00000|  0%| F|  |TAMS 0x00000000c2d00000, 0x00000000c2d00000| Untracked 
|   8|0x00000000c2e00000, 0x00000000c2e00000, 0x00000000c2f00000|  0%| F|  |TAMS 0x00000000c2e00000, 0x00000000c2e00000| Untracked 
|   9|0x00000000c2f00000, 0x00000000c2f00000, 0x00000000c3000000|  0%| F|  |TAMS 0x00000000c2f00000, 0x00000000c2f00000| Untracked 
|  10|0x00000000c3000000, 0x00000000c3000000, 0x00000000c3100000|  0%| F|  |TAMS 0x00000000c3000000, 0x00000000c3000000| Untracked 
|  11|0x00000000c3100000, 0x00000000c3100000, 0x00000000c3200000|  0%| F|  |TAMS 0x00000000c3100000, 0x00000000c3100000| Untracked 
|  12|0x00000000c3200000, 0x00000000c3200000, 0x00000000c3300000|  0%| F|  |TAMS 0x00000000c3200000, 0x00000000c3200000| Untracked 
|  13|0x00000000c3300000, 0x00000000c3300000, 0x00000000c3400000|  0%| F|  |TAMS 0x00000000c3300000, 0x00000000c3300000| Untracked 
|  14|0x00000000c3400000, 0x00000000c3400000, 0x00000000c3500000|  0%| F|  |TAMS 0x00000000c3400000, 0x00000000c3400000| Untracked 
|  15|0x00000000c3500000, 0x00000000c3500000, 0x00000000c3600000|  0%| F|  |TAMS 0x00000000c3500000, 0x00000000c3500000| Untracked 
|  16|0x00000000c3600000, 0x00000000c3600000, 0x00000000c3700000|  0%| F|  |TAMS 0x00000000c3600000, 0x00000000c3600000| Untracked 
|  17|0x00000000c3700000, 0x00000000c3700000, 0x00000000c3800000|  0%| F|  |TAMS 0x00000000c3700000, 0x00000000c3700000| Untracked 
|  18|0x00000000c3800000, 0x00000000c3800000, 0x00000000c3900000|  0%| F|  |TAMS 0x00000000c3800000, 0x00000000c3800000| Untracked 
|  19|0x00000000c3900000, 0x00000000c3900000, 0x00000000c3a00000|  0%| F|  |TAMS 0x00000000c3900000, 0x00000000c3900000| Untracked 
|  20|0x00000000c3a00000, 0x00000000c3a00000, 0x00000000c3b00000|  0%| F|  |TAMS 0x00000000c3a00000, 0x00000000c3a00000| Untracked 
|  21|0x00000000c3b00000, 0x00000000c3b00000, 0x00000000c3c00000|  0%| F|  |TAMS 0x00000000c3b00000, 0x00000000c3b00000| Untracked 
|  22|0x00000000c3c00000, 0x00000000c3c00000, 0x00000000c3d00000|  0%| F|  |TAMS 0x00000000c3c00000, 0x00000000c3c00000| Untracked 
|  23|0x00000000c3d00000, 0x00000000c3d00000, 0x00000000c3e00000|  0%| F|  |TAMS 0x00000000c3d00000, 0x00000000c3d00000| Untracked 
|  24|0x00000000c3e00000, 0x00000000c3e00000, 0x00000000c3f00000|  0%| F|  |TAMS 0x00000000c3e00000, 0x00000000c3e00000| Untracked 
|  25|0x00000000c3f00000, 0x00000000c3f00000, 0x00000000c4000000|  0%| F|  |TAMS 0x00000000c3f00000, 0x00000000c3f00000| Untracked 
|  26|0x00000000c4000000, 0x00000000c4000000, 0x00000000c4100000|  0%| F|  |TAMS 0x00000000c4000000, 0x00000000c4000000| Untracked 
|  27|0x00000000c4100000, 0x00000000c4100000, 0x00000000c4200000|  0%| F|  |TAMS 0x00000000c4100000, 0x00000000c4100000| Untracked 
|  28|0x00000000c4200000, 0x00000000c4200000, 0x00000000c4300000|  0%| F|  |TAMS 0x00000000c4200000, 0x00000000c4200000| Untracked 
|  29|0x00000000c4300000, 0x00000000c4300000, 0x00000000c4400000|  0%| F|  |TAMS 0x00000000c4300000, 0x00000000c4300000| Untracked 
|  30|0x00000000c4400000, 0x00000000c4400000, 0x00000000c4500000|  0%| F|  |TAMS 0x00000000c4400000, 0x00000000c4400000| Untracked 
|  31|0x00000000c4500000, 0x00000000c4500000, 0x00000000c4600000|  0%| F|  |TAMS 0x00000000c4500000, 0x00000000c4500000| Untracked 
|  32|0x00000000c4600000, 0x00000000c4600000, 0x00000000c4700000|  0%| F|  |TAMS 0x00000000c4600000, 0x00000000c4600000| Untracked 
|  33|0x00000000c4700000, 0x00000000c4700000, 0x00000000c4800000|  0%| F|  |TAMS 0x00000000c4700000, 0x00000000c4700000| Untracked 
|  34|0x00000000c4800000, 0x00000000c4800000, 0x00000000c4900000|  0%| F|  |TAMS 0x00000000c4800000, 0x00000000c4800000| Untracked 
|  35|0x00000000c4900000, 0x00000000c4900000, 0x00000000c4a00000|  0%| F|  |TAMS 0x00000000c4900000, 0x00000000c4900000| Untracked 
|  36|0x00000000c4a00000, 0x00000000c4a00000, 0x00000000c4b00000|  0%| F|  |TAMS 0x00000000c4a00000, 0x00000000c4a00000| Untracked 
|  37|0x00000000c4b00000, 0x00000000c4b00000, 0x00000000c4c00000|  0%| F|  |TAMS 0x00000000c4b00000, 0x00000000c4b00000| Untracked 
|  38|0x00000000c4c00000, 0x00000000c4c00000, 0x00000000c4d00000|  0%| F|  |TAMS 0x00000000c4c00000, 0x00000000c4c00000| Untracked 
|  39|0x00000000c4d00000, 0x00000000c4d00000, 0x00000000c4e00000|  0%| F|  |TAMS 0x00000000c4d00000, 0x00000000c4d00000| Untracked 
|  40|0x00000000c4e00000, 0x00000000c4e00000, 0x00000000c4f00000|  0%| F|  |TAMS 0x00000000c4e00000, 0x00000000c4e00000| Untracked 
|  41|0x00000000c4f00000, 0x00000000c4f00000, 0x00000000c5000000|  0%| F|  |TAMS 0x00000000c4f00000, 0x00000000c4f00000| Untracked 
|  42|0x00000000c5000000, 0x00000000c5000000, 0x00000000c5100000|  0%| F|  |TAMS 0x00000000c5000000, 0x00000000c5000000| Untracked 
|  43|0x00000000c5100000, 0x00000000c5180800, 0x00000000c5200000| 50%| E|  |TAMS 0x00000000c5100000, 0x00000000c5100000| Complete 
|  44|0x00000000c5200000, 0x00000000c5300000, 0x00000000c5300000|100%| E|CS|TAMS 0x00000000c5200000, 0x00000000c5200000| Complete 
|  45|0x00000000c5300000, 0x00000000c5400000, 0x00000000c5400000|100%| E|CS|TAMS 0x00000000c5300000, 0x00000000c5300000| Complete 
|  46|0x00000000c5400000, 0x00000000c5500000, 0x00000000c5500000|100%| E|CS|TAMS 0x00000000c5400000, 0x00000000c5400000| Complete 
|  47|0x00000000c5500000, 0x00000000c5600000, 0x00000000c5600000|100%| E|CS|TAMS 0x00000000c5500000, 0x00000000c5500000| Complete 
|  48|0x00000000c5600000, 0x00000000c5700000, 0x00000000c5700000|100%| E|CS|TAMS 0x00000000c5600000, 0x00000000c5600000| Complete 
|  49|0x00000000c5700000, 0x00000000c5800000, 0x00000000c5800000|100%| E|CS|TAMS 0x00000000c5700000, 0x00000000c5700000| Complete 
|  50|0x00000000c5800000, 0x00000000c5900000, 0x00000000c5900000|100%| E|CS|TAMS 0x00000000c5800000, 0x00000000c5800000| Complete 
|  51|0x00000000c5900000, 0x00000000c5a00000, 0x00000000c5a00000|100%| E|CS|TAMS 0x00000000c5900000, 0x00000000c5900000| Complete 
|  52|0x00000000c5a00000, 0x00000000c5b00000, 0x00000000c5b00000|100%| E|CS|TAMS 0x00000000c5a00000, 0x00000000c5a00000| Complete 
|  53|0x00000000c5b00000, 0x00000000c5c00000, 0x00000000c5c00000|100%| E|CS|TAMS 0x00000000c5b00000, 0x00000000c5b00000| Complete 
|  54|0x00000000c5c00000, 0x00000000c5cf0cc8, 0x00000000c5d00000| 94%| S|CS|TAMS 0x00000000c5c00000, 0x00000000c5c00000| Complete 
|  55|0x00000000c5d00000, 0x00000000c5e00000, 0x00000000c5e00000|100%| E|CS|TAMS 0x00000000c5d00000, 0x00000000c5d00000| Complete 
|  56|0x00000000c5e00000, 0x00000000c5f00000, 0x00000000c5f00000|100%| E|CS|TAMS 0x00000000c5e00000, 0x00000000c5e00000| Complete 
|  57|0x00000000c5f00000, 0x00000000c6000000, 0x00000000c6000000|100%| E|CS|TAMS 0x00000000c5f00000, 0x00000000c5f00000| Complete 
|  58|0x00000000c6000000, 0x00000000c6100000, 0x00000000c6100000|100%| E|CS|TAMS 0x00000000c6000000, 0x00000000c6000000| Complete 
|  59|0x00000000c6100000, 0x00000000c6200000, 0x00000000c6200000|100%| E|CS|TAMS 0x00000000c6100000, 0x00000000c6100000| Complete 
|  60|0x00000000c6200000, 0x00000000c6300000, 0x00000000c6300000|100%| E|CS|TAMS 0x00000000c6200000, 0x00000000c6200000| Complete 
|  61|0x00000000c6300000, 0x00000000c6400000, 0x00000000c6400000|100%| E|CS|TAMS 0x00000000c6300000, 0x00000000c6300000| Complete 
| 984|0x00000000ffe00000, 0x00000000ffe47000, 0x00000000fff00000| 27%|OA|  |TAMS 0x00000000ffe00000, 0x00000000ffe00000| Untracked 
| 985|0x00000000fff00000, 0x00000000fff6b000, 0x0000000100000000| 41%|CA|  |TAMS 0x00000000fff00000, 0x00000000fff00000| Untracked 

Card table byte_map: [0x00007f1a41939000,0x00007f1a41b26000] _byte_map_base: 0x00007f1a41326000

Marking Bits (Prev, Next): (CMBitMap*) 0x00007f1a3c0457f8, (CMBitMap*) 0x00007f1a3c045830
 Prev Bits: [0x00007f1a407e4000, 0x00007f1a4174c000)
 Next Bits: [0x00007f1a1f098000, 0x00007f1a20000000)

Polling page: 0x00007f1a46169000

Metaspace:

Usage:
  Non-class:      6,62 MB capacity,     4,46 MB ( 67%) used,     2,04 MB ( 31%) free+waste,   119,62 KB (  2%) overhead. 
      Class:      1,44 MB capacity,   811,69 KB ( 55%) used,   599,25 KB ( 41%) free+waste,    64,06 KB (  4%) overhead. 
       Both:      8,06 MB capacity,     5,25 MB ( 65%) used,     2,63 MB ( 33%) free+waste,   183,69 KB (  2%) overhead. 

Virtual space:
  Non-class space:        8,00 MB reserved,       6,75 MB ( 84%) committed 
      Class space:        1,00 GB reserved,       1,50 MB ( <1%) committed 
             Both:        1,01 GB reserved,       8,25 MB ( <1%) committed 

Chunk freelists:
   Non-Class:  0 bytes
       Class:  0 bytes
        Both:  0 bytes

MaxMetaspaceSize: unlimited
CompressedClassSpaceSize: 1,00 GB

CodeHeap 'non-profiled nmethods': size=120036Kb used=317Kb max_used=317Kb free=119718Kb
 bounds [0x00007f1a2c360000, 0x00007f1a2c5d0000, 0x00007f1a33899000]
CodeHeap 'profiled nmethods': size=120032Kb used=1431Kb max_used=1431Kb free=118600Kb
 bounds [0x00007f1a24e28000, 0x00007f1a25098000, 0x00007f1a2c360000]
CodeHeap 'non-nmethods': size=5692Kb used=1182Kb max_used=1195Kb free=4509Kb
 bounds [0x00007f1a24899000, 0x00007f1a24b09000, 0x00007f1a24e28000]
 total_blobs=1540 nmethods=991 adapters=462
 compilation: enabled
              stopped_count=0, restarted_count=0
 full_count=0

Compilation events (20 events):
Event: 0,889 Thread 0x00007f1a3c0c4000 nmethod 973 0x00007f1a24f87390 code [0x00007f1a24f87580, 0x00007f1a24f87980]
Event: 0,892 Thread 0x00007f1a3c0c4000  977       2       java.util.ArrayList::toArray (57 bytes)
Event: 0,894 Thread 0x00007f1a3c0c4000 nmethod 977 0x00007f1a24f87b90 code [0x00007f1a24f87d60, 0x00007f1a24f880d0]
Event: 0,894 Thread 0x00007f1a3c0c4000  979       2       java.util.Collections$UnmodifiableCollection::iterator (9 bytes)
Event: 0,894 Thread 0x00007f1a3c0c4000 nmethod 979 0x00007f1a24f88210 code [0x00007f1a24f883e0, 0x00007f1a24f88640]
Event: 0,894 Thread 0x00007f1a3c0c4000  981       2       java.lang.invoke.MethodType::methodType (12 bytes)
Event: 0,894 Thread 0x00007f1a3c0c4000 nmethod 981 0x00007f1a24f88710 code [0x00007f1a24f88900, 0x00007f1a24f88ab0]
Event: 0,895 Thread 0x00007f1a3c0c4000  986 %     3       java.lang.invoke.LambdaFormBuffer::indexOf @ 2 (25 bytes)
Event: 0,896 Thread 0x00007f1a3c0c4000 nmethod 986% 0x00007f1a24f88c10 code [0x00007f1a24f88dc0, 0x00007f1a24f89010]
Event: 0,899 Thread 0x00007f1a3c0c4000  988  s    2       java.io.BufferedOutputStream::write (67 bytes)
Event: 0,899 Thread 0x00007f1a3c0c4000 nmethod 988 0x00007f1a24f89110 code [0x00007f1a24f89300, 0x00007f1a24f897f0]
Event: 0,899 Thread 0x00007f1a3c0c4000  989       2       java.io.FileOutputStream::write (20 bytes)
Event: 0,899 Thread 0x00007f1a3c0c4000 nmethod 989 0x00007f1a24f89990 code [0x00007f1a24f89b40, 0x00007f1a24f89c80]
Event: 0,899 Thread 0x00007f1a3c0c4000  990       2       java.io.FileDescriptor$1::getAppend (5 bytes)
Event: 0,900 Thread 0x00007f1a3c0c4000 nmethod 990 0x00007f1a24f89d90 code [0x00007f1a24f89f40, 0x00007f1a24f8a050]
Event: 0,900 Thread 0x00007f1a3c0c4000  992       2       java.nio.ByteBuffer::flip (7 bytes)
Event: 0,900 Thread 0x00007f1a3c0c4000 nmethod 992 0x00007f1a24f8a110 code [0x00007f1a24f8a2c0, 0x00007f1a24f8a3f0]
Event: 0,900 Thread 0x00007f1a3c0c4000  997   !   2       java.io.BufferedWriter::write (117 bytes)
Event: 0,900 Thread 0x00007f1a3c0c4000 nmethod 997 0x00007f1a24f8a490 code [0x00007f1a24f8a680, 0x00007f1a24f8ab80]
Event: 0,900 Thread 0x00007f1a3c0c4000 1000       2       sun.nio.cs.StreamEncoder::writeBytes (132 bytes)

GC Heap History (2 events):
Event: 0,426 GC heap before
{Heap before GC invocations=0 (full 0):
 garbage-first heap   total 65536K, used 7880K [0x00000000c2600000, 0x0000000100000000)
  region size 1024K, 7 young (7168K), 0 survivors (0K)
 Metaspace       used 1756K, capacity 5669K, committed 5888K, reserved 1056768K
  class space    used 209K, capacity 669K, committed 768K, reserved 1048576K
}
Event: 0,443 GC heap after
{Heap after GC invocations=1 (full 0):
 garbage-first heap   total 65536K, used 1675K [0x00000000c2600000, 0x0000000100000000)
  region size 1024K, 1 young (1024K), 1 survivors (1024K)
 Metaspace       used 1756K, capacity 5669K, committed 5888K, reserved 1056768K
  class space    used 209K, capacity 669K, committed 768K, reserved 1048576K
}

Deoptimization events (12 events):
Event: 0,713 Thread 0x00007f1a3c017000 DEOPT PACKING pc=0x00007f1a24f12645 sp=0x00007f1a46143020
Event: 0,713 Thread 0x00007f1a3c017000 DEOPT UNPACKING pc=0x00007f1a248bf5ba sp=0x00007f1a461424b0 mode 0
Event: 0,769 Thread 0x00007f1a3c017000 Uncommon trap: trap_request=0xffffff4d fr.pc=0x00007f1a2c36763c relative=0x000000000000007c
Event: 0,769 Thread 0x00007f1a3c017000 Uncommon trap: reason=unstable_if action=reinterpret pc=0x00007f1a2c36763c method=java.lang.String.isLatin1()Z @ 10 c2
Event: 0,769 Thread 0x00007f1a3c017000 DEOPT PACKING pc=0x00007f1a2c36763c sp=0x00007f1a46144450
Event: 0,769 Thread 0x00007f1a3c017000 DEOPT UNPACKING pc=0x00007f1a248bf7a5 sp=0x00007f1a461443b0 mode 2
Event: 0,797 Thread 0x00007f1a3c017000 Uncommon trap: trap_request=0xffffff4d fr.pc=0x00007f1a2c389eac relative=0x000000000000412c
Event: 0,797 Thread 0x00007f1a3c017000 Uncommon trap: reason=unstable_if action=reinterpret pc=0x00007f1a2c389eac method=jdk.internal.org.objectweb.asm.Frame.execute(IILjdk/internal/org/objectweb/asm/ClassWriter;Ljdk/internal/org/objectweb/asm/Item;)V @ 1 c2
Event: 0,797 Thread 0x00007f1a3c017000 DEOPT PACKING pc=0x00007f1a2c389eac sp=0x00007f1a46143370
Event: 0,797 Thread 0x00007f1a3c017000 DEOPT UNPACKING pc=0x00007f1a248bf7a5 sp=0x00007f1a46143338 mode 2
Event: 0,865 Thread 0x00007f1a3c017000 DEOPT PACKING pc=0x00007f1a24f55650 sp=0x00007f1a461460c0
Event: 0,865 Thread 0x00007f1a3c017000 DEOPT UNPACKING pc=0x00007f1a248bf5ba sp=0x00007f1a46145658 mode 0

Classes redefined (0 events):
No events

Internal exceptions (20 events):
Event: 0,716 Thread 0x00007f1a3c017000 Exception <a 'java/lang/NoSuchMethodError'{0x00000000c59fddc0}: 'java.lang.Object java.lang.invoke.DirectMethodHandle$Holder.invokeSpecial(java.lang.Object, java.lang.Object, int, int, int, java.lang.Object, java.lang.Object, java.lang.Object, int)'> (0x00000000c59fddc0) thrown at [./src/hotspot/share/interpreter/linkResolver.cpp, line 773]
Event: 0,716 Thread 0x00007f1a3c017000 Exception <a 'java/lang/NoSuchMethodError'{0x00000000c5801a38}: 'java.lang.Object java.lang.invoke.DelegatingMethodHandle$Holder.reinvoke_L(java.lang.Object, int, int, int, java.lang.Object, java.lang.Object, java.lang.Object, int)'> (0x00000000c5801a38) thrown at [./src/hotspot/share/interpreter/linkResolver.cpp, line 773]
Event: 0,719 Thread 0x00007f1a3c017000 Exception <a 'java/lang/NoSuchMethodError'{0x00000000c5837050}: 'java.lang.Object java.lang.invoke.DirectMethodHandle$Holder.invokeSpecial(java.lang.Object, java.lang.Object, java.lang.Object, java.lang.Object, java.lang.Object, int)'> (0x00000000c5837050) thrown at [./src/hotspot/share/interpreter/linkResolver.cpp, line 773]
Event: 0,753 Thread 0x00007f1a3c017000 Exception <a 'java/lang/NoSuchMethodError'{0x00000000c5794d88}: 'java.lang.Object java.lang.invoke.DirectMethodHandle$Holder.invokeSpecial(java.lang.Object, java.lang.Object, int, int, int, int, java.lang.Object, int)'> (0x00000000c5794d88) thrown at [./src/hotspot/share/interpreter/linkResolver.cpp, line 773]
Event: 0,754 Thread 0x00007f1a3c017000 Exception <a 'java/lang/NoSuchMethodError'{0x00000000c57981c8}: 'java.lang.Object java.lang.invoke.DelegatingMethodHandle$Holder.reinvoke_L(java.lang.Object, int, int, int, int, java.lang.Object, int)'> (0x00000000c57981c8) thrown at [./src/hotspot/share/interpreter/linkResolver.cpp, line 773]
Event: 0,754 Thread 0x00007f1a3c017000 Exception <a 'java/lang/NoSuchMethodError'{0x00000000c57a88b8}: 'java.lang.Object java.lang.invoke.DirectMethodHandle$Holder.invokeSpecial(java.lang.Object, java.lang.Object, int, java.lang.Object, int)'> (0x00000000c57a88b8) thrown at [./src/hotspot/share/interpreter/linkResolver.cpp, line 773]
Event: 0,789 Thread 0x00007f1a3c017000 Exception <a 'sun/nio/fs/UnixException'{0x00000000c5606b20}> (0x00000000c5606b20) thrown at [./src/hotspot/share/prims/jni.cpp, line 615]
Event: 0,802 Thread 0x00007f1a3c017000 Exception <a 'java/lang/NoSuchMethodError'{0x00000000c56d3d70}: 'java.lang.Object java.lang.invoke.DelegatingMethodHandle$Holder.reinvoke_L(java.lang.Object, java.lang.Object, int, int, java.lang.Object, java.lang.Object, int, java.lang.Object, int, int)'> (0x00000000c56d3d70) thrown at [./src/hotspot/share/interpreter/linkResolver.cpp, line 773]
Event: 0,806 Thread 0x00007f1a3c017000 Exception <a 'java/lang/NoSuchMethodError'{0x00000000c5531bc0}: 'java.lang.Object java.lang.invoke.DirectMethodHandle$Holder.invokeSpecial(java.lang.Object, java.lang.Object, int, int, int, java.lang.Object, java.lang.Object, int, java.lang.Object, int, int)'> (0x00000000c5531bc0) thrown at [./src/hotspot/share/interpreter/linkResolver.cpp, line 773]
Event: 0,806 Thread 0x00007f1a3c017000 Exception <a 'java/lang/NoSuchMethodError'{0x00000000c5535460}: 'java.lang.Object java.lang.invoke.DelegatingMethodHandle$Holder.reinvoke_L(java.lang.Object, int, int, int, java.lang.Object, java.lang.Object, int, java.lang.Object, int, int)'> (0x00000000c5535460) thrown at [./src/hotspot/share/interpreter/linkResolver.cpp, line 773]
Event: 0,835 Thread 0x00007f1a3c017000 Exception <a 'java/lang/NoSuchMethodError'{0x00000000c5419be8}: 'java.lang.Object java.lang.invoke.DelegatingMethodHandle$Holder.reinvoke_L(java.lang.Object, java.lang.Object, int, int, int, java.lang.Object, java.lang.Object, java.lang.Object, int, int)'> (0x00000000c5419be8) thrown at [./src/hotspot/share/interpreter/linkResolver.cpp, line 773]
Event: 0,838 Thread 0x00007f1a3c017000 Exception <a 'java/lang/NoSuchMethodError'{0x00000000c54777c0}: 'java.lang.Object java.lang.invoke.DirectMethodHandle$Holder.invokeSpecial(java.lang.Object, java.lang.Object, int, int, int, int, java.lang.Object, java.lang.Object, java.lang.Object, int, int)'> (0x00000000c54777c0) thrown at [./src/hotspot/share/interpreter/linkResolver.cpp, line 773]
Event: 0,838 Thread 0x00007f1a3c017000 Exception <a 'java/lang/NoSuchMethodError'{0x00000000c547b060}: 'java.lang.Object java.lang.invoke.DelegatingMethodHandle$Holder.reinvoke_L(java.lang.Object, int, int, int, int, java.lang.Object, java.lang.Object, java.lang.Object, int, int)'> (0x00000000c547b060) thrown at [./src/hotspot/share/interpreter/linkResolver.cpp, line 773]
Event: 0,856 Thread 0x00007f1a3c017000 Exception <a 'java/lang/NoSuchMethodError'{0x00000000c5328e70}: 'java.lang.Object java.lang.invoke.DirectMethodHandle$Holder.invokeStatic(java.lang.Object, java.lang.Object, java.lang.Object, java.lang.Object, java.lang.Object, java.lang.Object, java.lang.Object, java.lang.Object, int)'> (0x00000000c5328e70) thrown at [./src/hotspot/share/interpreter/linkResolver.cpp, line 773]
Event: 0,857 Thread 0x00007f1a3c017000 Exception <a 'java/lang/NoSuchMethodError'{0x00000000c5343198}: 'java.lang.Object java.lang.invoke.DirectMethodHandle$Holder.invokeStatic(java.lang.Object, java.lang.Object, java.lang.Object, java.lang.Object, java.lang.Object, java.lang.Object, java.lang.Object, java.lang.Object, int, int)'> (0x00000000c5343198) thrown at [./src/hotspot/share/interpreter/linkResolver.cpp, line 773]
Event: 0,859 Thread 0x00007f1a3c017000 Exception <a 'java/lang/NoSuchMethodError'{0x00000000c535e4e0}: 'java.lang.Object java.lang.invoke.DirectMethodHandle$Holder.invokeStatic(java.lang.Object, java.lang.Object, java.lang.Object, java.lang.Object, java.lang.Object, java.lang.Object, java.lang.Object, java.lang.Object, int, int, java.lang.Object)'> (0x00000000c535e4e0) thrown at [./src/hotspot/share/interpreter/linkResolver.cpp, line 773]
Event: 0,860 Thread 0x00007f1a3c017000 Exception <a 'java/lang/NoSuchMethodError'{0x00000000c537b1c0}: 'java.lang.Object java.lang.invoke.DirectMethodHandle$Holder.invokeStatic(java.lang.Object, java.lang.Object, java.lang.Object, java.lang.Object, java.lang.Object, java.lang.Object, java.lang.Object, java.lang.Object, int, int, java.lang.Object, java.lang.Object)'> (0x00000000c537b1c0) thrown at [./src/hotspot/share/interpreter/linkResolver.cpp, line 773]
Event: 0,862 Thread 0x00007f1a3c017000 Exception <a 'java/lang/NoSuchMethodError'{0x00000000c5398dd0}: 'java.lang.Object java.lang.invoke.DirectMethodHandle$Holder.invokeStatic(java.lang.Object, java.lang.Object, java.lang.Object, java.lang.Object, java.lang.Object, java.lang.Object, java.lang.Object, java.lang.Object, int, int, java.lang.Object, java.lang.Object, java.lang.Object)'> (0x00000000c5398dd0) thrown at [./src/hotspot/share/interpreter/linkResolver.cpp, line 773]
Event: 0,864 Thread 0x00007f1a3c017000 Exception <a 'java/lang/NoSuchMethodError'{0x00000000c53b7b50}: 'java.lang.Object java.lang.invoke.DirectMethodHandle$Holder.invokeStatic(java.lang.Object, java.lang.Object, java.lang.Object, java.lang.Object, java.lang.Object, java.lang.Object, java.lang.Object, java.lang.Object, int, int, java.lang.Object, java.lang.Object, java.lang.Object, java.lang.Object)'> (0x00000000c53b7b50) thrown at [./src/hotspot/share/interpreter/linkResolver.cpp, line 773]
Event: 0,884 Thread 0x00007f1a3c017000 Exception <a 'java/lang/NoSuchMethodError'{0x00000000c52ba648}: 'java.lang.Object java.lang.invoke.DirectMethodHandle$Holder.invokeStatic(java.lang.Object, java.lang.Object, java.lang.Object, java.lang.Object, java.lang.Object, java.lang.Object, int)'> (0x00000000c52ba648) thrown at [./src/hotspot/share/interpreter/linkResolver.cpp, line 773]

Events (20 events):
Event: 0,874 loading class de/dhbw/rahmlab/nativelibloader/impl/com/jogamp/common/os/DynamicLibraryBundle$1
Event: 0,874 loading class de/dhbw/rahmlab/nativelibloader/impl/com/jogamp/common/os/DynamicLibraryBundle$1 done
Event: 0,875 loading class java/lang/ClassLoaderHelper
Event: 0,875 loading class java/lang/ClassLoaderHelper done
Event: 0,879 loading class de/dhbw/rahmlab/nativelibloader/impl/com/jogamp/common/os/NativeLibrary$1
Event: 0,879 loading class de/dhbw/rahmlab/nativelibloader/impl/com/jogamp/common/os/NativeLibrary$1 done
Event: 0,880 loading class de/dhbw/rahmlab/nativelibloader/impl/com/jogamp/common/os/NativeLibrary$2
Event: 0,880 loading class de/dhbw/rahmlab/nativelibloader/impl/com/jogamp/common/os/NativeLibrary$2 done
Event: 0,883 loading class java/lang/invoke/BoundMethodHandle$Species_LLLI
Event: 0,883 loading class java/lang/invoke/BoundMethodHandle$Species_LLLI done
Event: 0,884 loading class java/lang/invoke/BoundMethodHandle$Species_LLLII
Event: 0,884 loading class java/lang/invoke/BoundMethodHandle$Species_LLLII done
Event: 0,890 loading class java/lang/invoke/BoundMethodHandle$Species_LLLIIL
Event: 0,890 loading class java/lang/invoke/BoundMethodHandle$Species_LLLIIL done
Event: 0,891 loading class java/lang/invoke/BoundMethodHandle$Species_LLLIILL
Event: 0,891 loading class java/lang/invoke/BoundMethodHandle$Species_LLLIILL done
Event: 0,893 loading class java/lang/invoke/BoundMethodHandle$Species_LLLIILLL
Event: 0,893 loading class java/lang/invoke/BoundMethodHandle$Species_LLLIILLL done
Event: 0,894 loading class java/lang/invoke/BoundMethodHandle$Species_LLLIILLLL
Event: 0,894 loading class java/lang/invoke/BoundMethodHandle$Species_LLLIILLLL done


Dynamic libraries:
c2600000-c6400000 rw-p 00000000 00:00 0 
c6400000-ffe00000 ---p 00000000 00:00 0 
ffe00000-ffe47000 rw-p 01111000 08:01 1180613                            /usr/lib/jvm/java-11-openjdk-amd64/lib/server/classes.jsa
ffe47000-fff00000 rw-p 00000000 00:00 0 
fff00000-fff6b000 rw-p 010a6000 08:01 1180613                            /usr/lib/jvm/java-11-openjdk-amd64/lib/server/classes.jsa
fff6b000-100000000 rw-p 00000000 00:00 0 
800000000-800002000 rwxp 00001000 08:01 1180613                          /usr/lib/jvm/java-11-openjdk-amd64/lib/server/classes.jsa
800002000-8003b9000 rw-p 00003000 08:01 1180613                          /usr/lib/jvm/java-11-openjdk-amd64/lib/server/classes.jsa
8003b9000-800a96000 r--p 003ba000 08:01 1180613                          /usr/lib/jvm/java-11-openjdk-amd64/lib/server/classes.jsa
800a96000-800a97000 rw-p 00a97000 08:01 1180613                          /usr/lib/jvm/java-11-openjdk-amd64/lib/server/classes.jsa
800a97000-8010a5000 r--p 00a98000 08:01 1180613                          /usr/lib/jvm/java-11-openjdk-amd64/lib/server/classes.jsa
840000000-840180000 rw-p 00000000 00:00 0 
840180000-880000000 ---p 00000000 00:00 0 
557852e26000-557852e27000 r-xp 00000000 08:01 1182272                    /usr/lib/jvm/java-11-openjdk-amd64/bin/java
557853027000-557853028000 r--p 00001000 08:01 1182272                    /usr/lib/jvm/java-11-openjdk-amd64/bin/java
557853028000-557853029000 rw-p 00002000 08:01 1182272                    /usr/lib/jvm/java-11-openjdk-amd64/bin/java
557854cf5000-557854d16000 rw-p 00000000 00:00 0                          [heap]
7f19e789b000-7f19e78e2000 r-xp 00000000 08:01 2885411                    /home/fabian/Schreibtisch/JViconDataStream2/JViconDataStream/natives/linux-amd64/libjViconDataStreamSDK.so
7f19e78e2000-7f19e7ae1000 ---p 00047000 08:01 2885411                    /home/fabian/Schreibtisch/JViconDataStream2/JViconDataStream/natives/linux-amd64/libjViconDataStreamSDK.so
7f19e7ae1000-7f19e7ae3000 r--p 00046000 08:01 2885411                    /home/fabian/Schreibtisch/JViconDataStream2/JViconDataStream/natives/linux-amd64/libjViconDataStreamSDK.so
7f19e7ae3000-7f19e7ae4000 rw-p 00048000 08:01 2885411                    /home/fabian/Schreibtisch/JViconDataStream2/JViconDataStream/natives/linux-amd64/libjViconDataStreamSDK.so
7f19e7ae4000-7f19e7ae6000 r-xp 00000000 08:01 655377                     /tmp/jogamp_0000/file_cache/jln15994120528142109748/jln4471077148374608398/natives/linux-amd64/libgluegen_rt.so
7f19e7ae6000-7f19e7ce6000 ---p 00002000 08:01 655377                     /tmp/jogamp_0000/file_cache/jln15994120528142109748/jln4471077148374608398/natives/linux-amd64/libgluegen_rt.so
7f19e7ce6000-7f19e7ce7000 r--p 00002000 08:01 655377                     /tmp/jogamp_0000/file_cache/jln15994120528142109748/jln4471077148374608398/natives/linux-amd64/libgluegen_rt.so
7f19e7ce7000-7f19e7ce8000 rw-p 00003000 08:01 655377                     /tmp/jogamp_0000/file_cache/jln15994120528142109748/jln4471077148374608398/natives/linux-amd64/libgluegen_rt.so
7f19e7ce8000-7f19e7cec000 ---p 00000000 00:00 0 
7f19e7cec000-7f19e7de9000 rw-p 00000000 00:00 0 
7f19e7de9000-7f19e7dff000 r-xp 00000000 08:01 1218455                    /usr/lib/jvm/java-11-openjdk-amd64/lib/libnet.so
7f19e7dff000-7f19e7ffe000 ---p 00016000 08:01 1218455                    /usr/lib/jvm/java-11-openjdk-amd64/lib/libnet.so
7f19e7ffe000-7f19e7fff000 r--p 00015000 08:01 1218455                    /usr/lib/jvm/java-11-openjdk-amd64/lib/libnet.so
7f19e7fff000-7f19e8000000 rw-p 00016000 08:01 1218455                    /usr/lib/jvm/java-11-openjdk-amd64/lib/libnet.so
7f19e8000000-7f19e8021000 rw-p 00000000 00:00 0 
7f19e8021000-7f19ec000000 ---p 00000000 00:00 0 
7f19ec000000-7f19ec021000 rw-p 00000000 00:00 0 
7f19ec021000-7f19f0000000 ---p 00000000 00:00 0 
7f19f0000000-7f19f0498000 rw-p 00000000 00:00 0 
7f19f0498000-7f19f4000000 ---p 00000000 00:00 0 
7f19f4000000-7f19f4021000 rw-p 00000000 00:00 0 
7f19f4021000-7f19f8000000 ---p 00000000 00:00 0 
7f19f8000000-7f19f8021000 rw-p 00000000 00:00 0 
7f19f8021000-7f19fc000000 ---p 00000000 00:00 0 
7f19fc000000-7f19fc8dc000 rw-p 00000000 00:00 0 
7f19fc8dc000-7f1a00000000 ---p 00000000 00:00 0 
7f1a00000000-7f1a00021000 rw-p 00000000 00:00 0 
7f1a00021000-7f1a04000000 ---p 00000000 00:00 0 
7f1a04000000-7f1a04021000 rw-p 00000000 00:00 0 
7f1a04021000-7f1a08000000 ---p 00000000 00:00 0 
7f1a08000000-7f1a08021000 rw-p 00000000 00:00 0 
7f1a08021000-7f1a0c000000 ---p 00000000 00:00 0 
7f1a0c000000-7f1a0c021000 rw-p 00000000 00:00 0 
7f1a0c021000-7f1a10000000 ---p 00000000 00:00 0 
7f1a10000000-7f1a10021000 rw-p 00000000 00:00 0 
7f1a10021000-7f1a14000000 ---p 00000000 00:00 0 
7f1a14000000-7f1a14021000 rw-p 00000000 00:00 0 
7f1a14021000-7f1a18000000 ---p 00000000 00:00 0 
7f1a18000000-7f1a18021000 rw-p 00000000 00:00 0 
7f1a18021000-7f1a1c000000 ---p 00000000 00:00 0 
7f1a1c043000-7f1a1c044000 ---p 00000000 00:00 0 
7f1a1c044000-7f1a1c145000 rw-p 00000000 00:00 0 
7f1a1c145000-7f1a1c155000 r-xp 00000000 08:01 1218456                    /usr/lib/jvm/java-11-openjdk-amd64/lib/libnio.so
7f1a1c155000-7f1a1c354000 ---p 00010000 08:01 1218456                    /usr/lib/jvm/java-11-openjdk-amd64/lib/libnio.so
7f1a1c354000-7f1a1c355000 r--p 0000f000 08:01 1218456                    /usr/lib/jvm/java-11-openjdk-amd64/lib/libnio.so
7f1a1c355000-7f1a1c356000 rw-p 00010000 08:01 1218456                    /usr/lib/jvm/java-11-openjdk-amd64/lib/libnio.so
7f1a1c356000-7f1a1c35a000 ---p 00000000 00:00 0 
7f1a1c35a000-7f1a1c457000 rw-p 00000000 00:00 0 
7f1a1c457000-7f1a1c458000 ---p 00000000 00:00 0 
7f1a1c458000-7f1a1c559000 rw-p 00000000 00:00 0 
7f1a1c559000-7f1a1c55d000 ---p 00000000 00:00 0 
7f1a1c55d000-7f1a1c65a000 rw-p 00000000 00:00 0 
7f1a1c65a000-7f1a1c65e000 ---p 00000000 00:00 0 
7f1a1c65e000-7f1a1c75b000 rw-p 00000000 00:00 0 
7f1a1c75b000-7f1a1c75f000 ---p 00000000 00:00 0 
7f1a1c75f000-7f1a1c85c000 rw-p 00000000 00:00 0 
7f1a1c85c000-7f1a1c860000 ---p 00000000 00:00 0 
7f1a1c860000-7f1a1c95d000 rw-p 00000000 00:00 0 
7f1a1c95d000-7f1a1c961000 ---p 00000000 00:00 0 
7f1a1c961000-7f1a1ca5e000 rw-p 00000000 00:00 0 
7f1a1ca5e000-7f1a1cd94000 r--p 00000000 08:01 1182035                    /usr/lib/locale/locale-archive
7f1a1cd94000-7f1a1cd98000 ---p 00000000 00:00 0 
7f1a1cd98000-7f1a1ce95000 rw-p 00000000 00:00 0 
7f1a1ce95000-7f1a1ce99000 ---p 00000000 00:00 0 
7f1a1ce99000-7f1a1cf96000 rw-p 00000000 00:00 0 
7f1a1cf96000-7f1a1cf97000 ---p 00000000 00:00 0 
7f1a1cf97000-7f1a1f190000 rw-p 00000000 00:00 0 
7f1a1f190000-7f1a1fff8000 ---p 00000000 00:00 0 
7f1a1fff8000-7f1a20000000 rw-p 00000000 00:00 0 
7f1a20000000-7f1a20021000 rw-p 00000000 00:00 0 
7f1a20021000-7f1a24000000 ---p 00000000 00:00 0 
7f1a24099000-7f1a24759000 rw-p 00000000 00:00 0 
7f1a24759000-7f1a24899000 ---p 00000000 00:00 0 
7f1a24899000-7f1a24b09000 rwxp 00000000 00:00 0 
7f1a24b09000-7f1a24e28000 ---p 00000000 00:00 0 
7f1a24e28000-7f1a25098000 rwxp 00000000 00:00 0 
7f1a25098000-7f1a2c360000 ---p 00000000 00:00 0 
7f1a2c360000-7f1a2c5d0000 rwxp 00000000 00:00 0 
7f1a2c5d0000-7f1a33899000 ---p 00000000 00:00 0 
7f1a33899000-7f1a3c000000 r--s 00000000 08:01 1218465                    /usr/lib/jvm/java-11-openjdk-amd64/lib/modules
7f1a3c000000-7f1a3c34d000 rw-p 00000000 00:00 0 
7f1a3c34d000-7f1a40000000 ---p 00000000 00:00 0 
7f1a400dc000-7f1a400e0000 ---p 00000000 00:00 0 
7f1a400e0000-7f1a401da000 rw-p 00000000 00:00 0 
7f1a401da000-7f1a401db000 ---p 00000000 00:00 0 
7f1a401db000-7f1a402dc000 rw-p 00000000 00:00 0 
7f1a402dc000-7f1a402dd000 ---p 00000000 00:00 0 
7f1a402dd000-7f1a405e0000 rw-p 00000000 00:00 0 
7f1a405e0000-7f1a405e1000 ---p 00000000 00:00 0 
7f1a405e1000-7f1a406e2000 rw-p 00000000 00:00 0 
7f1a406e2000-7f1a406e3000 ---p 00000000 00:00 0 
7f1a406e3000-7f1a408dc000 rw-p 00000000 00:00 0 
7f1a408dc000-7f1a41744000 ---p 00000000 00:00 0 
7f1a41744000-7f1a4176b000 rw-p 00000000 00:00 0 
7f1a4176b000-7f1a41938000 ---p 00000000 00:00 0 
7f1a41938000-7f1a41958000 rw-p 00000000 00:00 0 
7f1a41958000-7f1a41b25000 ---p 00000000 00:00 0 
7f1a41b25000-7f1a41b45000 rw-p 00000000 00:00 0 
7f1a41b45000-7f1a41d12000 ---p 00000000 00:00 0 
7f1a41d12000-7f1a41f15000 rw-p 00000000 00:00 0 
7f1a41f15000-7f1a41f16000 ---p 00000000 00:00 0 
7f1a41f16000-7f1a4201c000 rw-p 00000000 00:00 0 
7f1a4201c000-7f1a42102000 ---p 00000000 00:00 0 
7f1a42102000-7f1a42107000 rw-p 00000000 00:00 0 
7f1a42107000-7f1a421ed000 ---p 00000000 00:00 0 
7f1a421ed000-7f1a421f4000 r-xp 00000000 08:01 1218464                    /usr/lib/jvm/java-11-openjdk-amd64/lib/libzip.so
7f1a421f4000-7f1a423f3000 ---p 00007000 08:01 1218464                    /usr/lib/jvm/java-11-openjdk-amd64/lib/libzip.so
7f1a423f3000-7f1a423f4000 r--p 00006000 08:01 1218464                    /usr/lib/jvm/java-11-openjdk-amd64/lib/libzip.so
7f1a423f4000-7f1a423f5000 rw-p 00007000 08:01 1218464                    /usr/lib/jvm/java-11-openjdk-amd64/lib/libzip.so
7f1a423f5000-7f1a42400000 r-xp 00000000 08:01 3014970                    /lib/x86_64-linux-gnu/libnss_files-2.27.so
7f1a42400000-7f1a425ff000 ---p 0000b000 08:01 3014970                    /lib/x86_64-linux-gnu/libnss_files-2.27.so
7f1a425ff000-7f1a42600000 r--p 0000a000 08:01 3014970                    /lib/x86_64-linux-gnu/libnss_files-2.27.so
7f1a42600000-7f1a42601000 rw-p 0000b000 08:01 3014970                    /lib/x86_64-linux-gnu/libnss_files-2.27.so
7f1a42601000-7f1a42607000 rw-p 00000000 00:00 0 
7f1a42607000-7f1a4261e000 r-xp 00000000 08:01 3014967                    /lib/x86_64-linux-gnu/libnsl-2.27.so
7f1a4261e000-7f1a4281d000 ---p 00017000 08:01 3014967                    /lib/x86_64-linux-gnu/libnsl-2.27.so
7f1a4281d000-7f1a4281e000 r--p 00016000 08:01 3014967                    /lib/x86_64-linux-gnu/libnsl-2.27.so
7f1a4281e000-7f1a4281f000 rw-p 00017000 08:01 3014967                    /lib/x86_64-linux-gnu/libnsl-2.27.so
7f1a4281f000-7f1a42821000 rw-p 00000000 00:00 0 
7f1a42821000-7f1a4282c000 r-xp 00000000 08:01 3014972                    /lib/x86_64-linux-gnu/libnss_nis-2.27.so
7f1a4282c000-7f1a42a2b000 ---p 0000b000 08:01 3014972                    /lib/x86_64-linux-gnu/libnss_nis-2.27.so
7f1a42a2b000-7f1a42a2c000 r--p 0000a000 08:01 3014972                    /lib/x86_64-linux-gnu/libnss_nis-2.27.so
7f1a42a2c000-7f1a42a2d000 rw-p 0000b000 08:01 3014972                    /lib/x86_64-linux-gnu/libnss_nis-2.27.so
7f1a42a2d000-7f1a42a35000 r-xp 00000000 08:01 3014968                    /lib/x86_64-linux-gnu/libnss_compat-2.27.so
7f1a42a35000-7f1a42c35000 ---p 00008000 08:01 3014968                    /lib/x86_64-linux-gnu/libnss_compat-2.27.so
7f1a42c35000-7f1a42c36000 r--p 00008000 08:01 3014968                    /lib/x86_64-linux-gnu/libnss_compat-2.27.so
7f1a42c36000-7f1a42c37000 rw-p 00009000 08:01 3014968                    /lib/x86_64-linux-gnu/libnss_compat-2.27.so
7f1a42c37000-7f1a42c3c000 r-xp 00000000 08:01 1218447                    /usr/lib/jvm/java-11-openjdk-amd64/lib/libjimage.so
7f1a42c3c000-7f1a42e3b000 ---p 00005000 08:01 1218447                    /usr/lib/jvm/java-11-openjdk-amd64/lib/libjimage.so
7f1a42e3b000-7f1a42e3c000 r--p 00004000 08:01 1218447                    /usr/lib/jvm/java-11-openjdk-amd64/lib/libjimage.so
7f1a42e3c000-7f1a42e3d000 rw-p 00005000 08:01 1218447                    /usr/lib/jvm/java-11-openjdk-amd64/lib/libjimage.so
7f1a42e3d000-7f1a42e66000 r-xp 00000000 08:01 1218443                    /usr/lib/jvm/java-11-openjdk-amd64/lib/libjava.so
7f1a42e66000-7f1a43066000 ---p 00029000 08:01 1218443                    /usr/lib/jvm/java-11-openjdk-amd64/lib/libjava.so
7f1a43066000-7f1a43067000 r--p 00029000 08:01 1218443                    /usr/lib/jvm/java-11-openjdk-amd64/lib/libjava.so
7f1a43067000-7f1a43068000 rw-p 0002a000 08:01 1218443                    /usr/lib/jvm/java-11-openjdk-amd64/lib/libjava.so
7f1a43068000-7f1a43069000 rw-p 00000000 00:00 0 
7f1a43069000-7f1a43076000 r-xp 00000000 08:01 1218463                    /usr/lib/jvm/java-11-openjdk-amd64/lib/libverify.so
7f1a43076000-7f1a43275000 ---p 0000d000 08:01 1218463                    /usr/lib/jvm/java-11-openjdk-amd64/lib/libverify.so
7f1a43275000-7f1a43277000 r--p 0000c000 08:01 1218463                    /usr/lib/jvm/java-11-openjdk-amd64/lib/libverify.so
7f1a43277000-7f1a43278000 rw-p 0000e000 08:01 1218463                    /usr/lib/jvm/java-11-openjdk-amd64/lib/libverify.so
7f1a43278000-7f1a4327f000 r-xp 00000000 08:01 3014977                    /lib/x86_64-linux-gnu/librt-2.27.so
7f1a4327f000-7f1a4347e000 ---p 00007000 08:01 3014977                    /lib/x86_64-linux-gnu/librt-2.27.so
7f1a4347e000-7f1a4347f000 r--p 00006000 08:01 3014977                    /lib/x86_64-linux-gnu/librt-2.27.so
7f1a4347f000-7f1a43480000 rw-p 00007000 08:01 3014977                    /lib/x86_64-linux-gnu/librt-2.27.so
7f1a43480000-7f1a43497000 r-xp 00000000 08:01 3024760                    /lib/x86_64-linux-gnu/libgcc_s.so.1
7f1a43497000-7f1a43696000 ---p 00017000 08:01 3024760                    /lib/x86_64-linux-gnu/libgcc_s.so.1
7f1a43696000-7f1a43697000 r--p 00016000 08:01 3024760                    /lib/x86_64-linux-gnu/libgcc_s.so.1
7f1a43697000-7f1a43698000 rw-p 00017000 08:01 3024760                    /lib/x86_64-linux-gnu/libgcc_s.so.1
7f1a43698000-7f1a43835000 r-xp 00000000 08:01 3014962                    /lib/x86_64-linux-gnu/libm-2.27.so
7f1a43835000-7f1a43a34000 ---p 0019d000 08:01 3014962                    /lib/x86_64-linux-gnu/libm-2.27.so
7f1a43a34000-7f1a43a35000 r--p 0019c000 08:01 3014962                    /lib/x86_64-linux-gnu/libm-2.27.so
7f1a43a35000-7f1a43a36000 rw-p 0019d000 08:01 3014962                    /lib/x86_64-linux-gnu/libm-2.27.so
7f1a43a36000-7f1a43baf000 r-xp 00000000 08:01 1182466                    /usr/lib/x86_64-linux-gnu/libstdc++.so.6.0.25
7f1a43baf000-7f1a43daf000 ---p 00179000 08:01 1182466                    /usr/lib/x86_64-linux-gnu/libstdc++.so.6.0.25
7f1a43daf000-7f1a43db9000 r--p 00179000 08:01 1182466                    /usr/lib/x86_64-linux-gnu/libstdc++.so.6.0.25
7f1a43db9000-7f1a43dbb000 rw-p 00183000 08:01 1182466                    /usr/lib/x86_64-linux-gnu/libstdc++.so.6.0.25
7f1a43dbb000-7f1a43dbf000 rw-p 00000000 00:00 0 
7f1a43dbf000-7f1a44fb0000 r-xp 00000000 08:01 1218468                    /usr/lib/jvm/java-11-openjdk-amd64/lib/server/libjvm.so
7f1a44fb0000-7f1a451af000 ---p 011f1000 08:01 1218468                    /usr/lib/jvm/java-11-openjdk-amd64/lib/server/libjvm.so
7f1a451af000-7f1a45270000 r--p 011f0000 08:01 1218468                    /usr/lib/jvm/java-11-openjdk-amd64/lib/server/libjvm.so
7f1a45270000-7f1a452ab000 rw-p 012b1000 08:01 1218468                    /usr/lib/jvm/java-11-openjdk-amd64/lib/server/libjvm.so
7f1a452ab000-7f1a45302000 rw-p 00000000 00:00 0 
7f1a45302000-7f1a4531c000 r-xp 00000000 08:01 3014975                    /lib/x86_64-linux-gnu/libpthread-2.27.so
7f1a4531c000-7f1a4551b000 ---p 0001a000 08:01 3014975                    /lib/x86_64-linux-gnu/libpthread-2.27.so
7f1a4551b000-7f1a4551c000 r--p 00019000 08:01 3014975                    /lib/x86_64-linux-gnu/libpthread-2.27.so
7f1a4551c000-7f1a4551d000 rw-p 0001a000 08:01 3014975                    /lib/x86_64-linux-gnu/libpthread-2.27.so
7f1a4551d000-7f1a45521000 rw-p 00000000 00:00 0 
7f1a45521000-7f1a45524000 r-xp 00000000 08:01 3014961                    /lib/x86_64-linux-gnu/libdl-2.27.so
7f1a45524000-7f1a45723000 ---p 00003000 08:01 3014961                    /lib/x86_64-linux-gnu/libdl-2.27.so
7f1a45723000-7f1a45724000 r--p 00002000 08:01 3014961                    /lib/x86_64-linux-gnu/libdl-2.27.so
7f1a45724000-7f1a45725000 rw-p 00003000 08:01 3014961                    /lib/x86_64-linux-gnu/libdl-2.27.so
7f1a45725000-7f1a45741000 r-xp 00000000 08:01 3020135                    /lib/x86_64-linux-gnu/libz.so.1.2.11
7f1a45741000-7f1a45940000 ---p 0001c000 08:01 3020135                    /lib/x86_64-linux-gnu/libz.so.1.2.11
7f1a45940000-7f1a45941000 r--p 0001b000 08:01 3020135                    /lib/x86_64-linux-gnu/libz.so.1.2.11
7f1a45941000-7f1a45942000 rw-p 0001c000 08:01 3020135                    /lib/x86_64-linux-gnu/libz.so.1.2.11
7f1a45942000-7f1a45b29000 r-xp 00000000 08:01 3014958                    /lib/x86_64-linux-gnu/libc-2.27.so
7f1a45b29000-7f1a45d29000 ---p 001e7000 08:01 3014958                    /lib/x86_64-linux-gnu/libc-2.27.so
7f1a45d29000-7f1a45d2d000 r--p 001e7000 08:01 3014958                    /lib/x86_64-linux-gnu/libc-2.27.so
7f1a45d2d000-7f1a45d2f000 rw-p 001eb000 08:01 3014958                    /lib/x86_64-linux-gnu/libc-2.27.so
7f1a45d2f000-7f1a45d33000 rw-p 00000000 00:00 0 
7f1a45d33000-7f1a45d43000 r-xp 00000000 08:01 1188490                    /usr/lib/jvm/java-11-openjdk-amd64/lib/jli/libjli.so
7f1a45d43000-7f1a45f42000 ---p 00010000 08:01 1188490                    /usr/lib/jvm/java-11-openjdk-amd64/lib/jli/libjli.so
7f1a45f42000-7f1a45f43000 r--p 0000f000 08:01 1188490                    /usr/lib/jvm/java-11-openjdk-amd64/lib/jli/libjli.so
7f1a45f43000-7f1a45f44000 rw-p 00010000 08:01 1188490                    /usr/lib/jvm/java-11-openjdk-amd64/lib/jli/libjli.so
7f1a45f44000-7f1a45f6d000 r-xp 00000000 08:01 3014917                    /lib/x86_64-linux-gnu/ld-2.27.so
7f1a45f8b000-7f1a46047000 rw-p 00000000 00:00 0 
7f1a46047000-7f1a4604b000 ---p 00000000 00:00 0 
7f1a4604b000-7f1a4614a000 rw-p 00000000 00:00 0 
7f1a46152000-7f1a46153000 r--p 00000000 00:00 0 
7f1a46153000-7f1a46158000 rw-p 00000000 00:00 0 
7f1a46158000-7f1a4615f000 ---p 00000000 00:00 0 
7f1a4615f000-7f1a46161000 r--s 00007000 08:01 1579314                    /usr/share/java/java-atk-wrapper.jar
7f1a46161000-7f1a46169000 rw-s 00000000 08:01 655379                     /tmp/hsperfdata_fabian/32614
7f1a46169000-7f1a4616a000 ---p 00000000 00:00 0 
7f1a4616a000-7f1a4616b000 r--p 00000000 00:00 0 
7f1a4616b000-7f1a4616d000 rw-p 00000000 00:00 0 
7f1a4616d000-7f1a4616e000 r--p 00029000 08:01 3014917                    /lib/x86_64-linux-gnu/ld-2.27.so
7f1a4616e000-7f1a4616f000 rw-p 0002a000 08:01 3014917                    /lib/x86_64-linux-gnu/ld-2.27.so
7f1a4616f000-7f1a46170000 rw-p 00000000 00:00 0 
7fffe384b000-7fffe386c000 rw-p 00000000 00:00 0                          [stack]
7fffe3923000-7fffe3926000 r--p 00000000 00:00 0                          [vvar]
7fffe3926000-7fffe3927000 r-xp 00000000 00:00 0                          [vdso]
ffffffffff600000-ffffffffff601000 --xp 00000000 00:00 0                  [vsyscall]


VM Arguments:
jvm_args: -enableassertions 
java_command: de.dhbw.rahmlab.vicon.datastream.test.ViconStringWrapperTest
java_class_path (initial): /home/fabian/Schreibtisch/JViconDataStream2/JViconDataStream/target/classes:/home/fabian/.m2/repository/de/dhbw/rahmlab/NativeLibLoader/1.0-SNAPSHOT/NativeLibLoader-1.0-SNAPSHOT.jar:/home/fabian/.m2/repository/com/thoughtworks/qdox/qdox/2.0.0/qdox-2.0.0.jar
Launcher Type: SUN_STANDARD

[Global flags]
     intx CICompilerCount                          = 2                                         {product} {ergonomic}
     uint ConcGCThreads                            = 1                                         {product} {ergonomic}
     uint G1ConcRefinementThreads                  = 2                                         {product} {ergonomic}
   size_t G1HeapRegionSize                         = 1048576                                   {product} {ergonomic}
    uintx GCDrainStackTargetSize                   = 64                                        {product} {ergonomic}
   size_t InitialHeapSize                          = 65011712                                  {product} {ergonomic}
   size_t MarkStackSize                            = 4194304                                   {product} {ergonomic}
   size_t MaxHeapSize                              = 1033895936                                {product} {ergonomic}
   size_t MaxNewSize                               = 619708416                                 {product} {ergonomic}
   size_t MinHeapDeltaBytes                        = 1048576                                   {product} {ergonomic}
    uintx NonNMethodCodeHeapSize                   = 5825164                                {pd product} {ergonomic}
    uintx NonProfiledCodeHeapSize                  = 122916538                              {pd product} {ergonomic}
    uintx ProfiledCodeHeapSize                     = 122916538                              {pd product} {ergonomic}
    uintx ReservedCodeCacheSize                    = 251658240                              {pd product} {ergonomic}
     bool SegmentedCodeCache                       = true                                      {product} {ergonomic}
     bool UseCompressedClassPointers               = true                                 {lp64_product} {ergonomic}
     bool UseCompressedOops                        = true                                 {lp64_product} {ergonomic}
     bool UseG1GC                                  = true                                      {product} {ergonomic}

Logging:
Log output configuration:
 #0: stdout all=warning uptime,level,tags
 #1: stderr all=off uptime,level,tags

Environment Variables:
JAVA_HOME=/usr/lib/jvm/default-java
PATH=/home/fabian/.local/bin:/usr/local/sbin:/usr/local/bin:/usr/sbin:/usr/bin:/sbin:/bin:/usr/games:/usr/local/games:/snap/bin
SHELL=/bin/bash
DISPLAY=:0
LANG=de_DE.UTF-8

Signal Handlers:
SIGSEGV: [libjvm.so+0xeeaf50], sa_mask[0]=11111111011111111101111111111110, sa_flags=SA_RESTART|SA_SIGINFO
SIGBUS: [libjvm.so+0xeeaf50], sa_mask[0]=11111111011111111101111111111110, sa_flags=SA_RESTART|SA_SIGINFO
SIGFPE: [libjvm.so+0xeeaf50], sa_mask[0]=11111111011111111101111111111110, sa_flags=SA_RESTART|SA_SIGINFO
SIGPIPE: [libjvm.so+0xc0ee30], sa_mask[0]=11111111011111111101111111111110, sa_flags=SA_RESTART|SA_SIGINFO
SIGXFSZ: [libjvm.so+0xc0ee30], sa_mask[0]=11111111011111111101111111111110, sa_flags=SA_RESTART|SA_SIGINFO
SIGILL: [libjvm.so+0xeeaf50], sa_mask[0]=11111111011111111101111111111110, sa_flags=SA_RESTART|SA_SIGINFO
SIGUSR2: [libjvm.so+0xc0ecd0], sa_mask[0]=00100000000000000000000000000000, sa_flags=SA_RESTART|SA_SIGINFO
SIGHUP: [libjvm.so+0xc0f030], sa_mask[0]=11111111011111111101111111111110, sa_flags=SA_RESTART|SA_SIGINFO
SIGINT: SIG_IGN, sa_mask[0]=00000000000000000000000000000000, sa_flags=none
SIGTERM: [libjvm.so+0xc0f030], sa_mask[0]=11111111011111111101111111111110, sa_flags=SA_RESTART|SA_SIGINFO
SIGQUIT: [libjvm.so+0xc0f030], sa_mask[0]=11111111011111111101111111111110, sa_flags=SA_RESTART|SA_SIGINFO


---------------  S Y S T E M  ---------------

OS:DISTRIB_ID=Ubuntu
DISTRIB_RELEASE=18.04
DISTRIB_CODENAME=bionic
DISTRIB_DESCRIPTION="Ubuntu 18.04.5 LTS"
uname:Linux 5.4.0-60-generic #67~18.04.1-Ubuntu SMP Tue Jan 5 22:01:05 UTC 2021 x86_64
OS uptime: 0 days 1:36 hours
libc:glibc 2.27 NPTL 2.27 
rlimit (soft/hard): STACK 8192k/infinity , CORE 0k/infinity , NPROC 15464/15464 , NOFILE 1048576/1048576 , AS infinity/infinity , CPU infinity/infinity , DATA infinity/infinity , FSIZE infinity/infinity , MEMLOCK 65536k/65536k
load average:4,06 3,42 2,26

/proc/meminfo:
MemTotal:        4030664 kB
MemFree:          910852 kB
MemAvailable:    1886372 kB
Buffers:          263912 kB
Cached:           913068 kB
SwapCached:            0 kB
Active:          2359576 kB
Inactive:         540908 kB
Active(anon):    1516404 kB
Inactive(anon):   261572 kB
Active(file):     843172 kB
Inactive(file):   279336 kB
Unevictable:           0 kB
Mlocked:               0 kB
SwapTotal:       2097148 kB
SwapFree:        2096636 kB
Dirty:              8992 kB
Writeback:             0 kB
AnonPages:       1723560 kB
Mapped:           350912 kB
Shmem:             54448 kB
KReclaimable:     111992 kB
Slab:             143376 kB
SReclaimable:     111992 kB
SUnreclaim:        31384 kB
KernelStack:        7248 kB
PageTables:        35580 kB
NFS_Unstable:          0 kB
Bounce:                0 kB
WritebackTmp:          0 kB
CommitLimit:     4112480 kB
Committed_AS:    3995020 kB
VmallocTotal:   34359738367 kB
VmallocUsed:       30068 kB
VmallocChunk:          0 kB
Percpu:              584 kB
HardwareCorrupted:     0 kB
AnonHugePages:         0 kB
ShmemHugePages:        0 kB
ShmemPmdMapped:        0 kB
FileHugePages:         0 kB
FilePmdMapped:         0 kB
CmaTotal:              0 kB
CmaFree:               0 kB
HugePages_Total:       0
HugePages_Free:        0
HugePages_Rsvd:        0
HugePages_Surp:        0
Hugepagesize:       2048 kB
Hugetlb:               0 kB
DirectMap4k:      122816 kB
DirectMap2M:     4071424 kB

/sys/kernel/mm/transparent_hugepage/enabled:
always [madvise] never
/sys/kernel/mm/transparent_hugepage/defrag (defrag/compaction efforts parameter):
always defer defer+madvise [madvise] never

/proc/sys/kernel/threads-max (system-wide limit on the number of threads):
30929
/proc/sys/vm/max_map_count (maximum number of memory map areas a process may have):
65530
/proc/sys/kernel/pid_max (system-wide limit on number of process identifiers):
32768

container (cgroup) information:
container_type: cgroupv1
cpu_cpuset_cpus: 0-1
cpu_memory_nodes: 0
active_processor_count: 2
cpu_quota: -1
cpu_period: 100000
cpu_shares: -1
memory_limit_in_bytes: -1
memory_and_swap_limit_in_bytes: -2
memory_soft_limit_in_bytes: -1
memory_usage_in_bytes: 2970075136
memory_max_usage_in_bytes: 0

KVM virtualization detected
Steal ticks since vm start: 0
Steal ticks percentage since vm start:  0,000

CPU:total 2 (initial active 2) (2 cores per cpu, 1 threads per core) family 6 model 78 stepping 3, cmov, cx8, fxsr, mmx, sse, sse2, sse3, ssse3, sse4.1, sse4.2, popcnt, avx, avx2, aes, clmul, 3dnowpref, lzcnt, tsc, tscinvbit
CPU Model and flags from /proc/cpuinfo:
model name	: Intel(R) Core(TM) i3-6100U CPU @ 2.30GHz
flags		: fpu vme de pse tsc msr pae mce cx8 apic sep mtrr pge mca cmov pat pse36 clflush mmx fxsr sse sse2 ht syscall nx rdtscp lm constant_tsc rep_good nopl xtopology nonstop_tsc cpuid tsc_known_freq pni pclmulqdq ssse3 cx16 pcid sse4_1 sse4_2 x2apic movbe popcnt aes xsave avx rdrand hypervisor lahf_lm abm 3dnowprefetch invpcid_single pti fsgsbase avx2 invpcid rdseed clflushopt md_clear flush_l1d
Online cpus:
0-1
Offline cpus:

BIOS frequency limitation:
<Not Available>
Frequency switch latency (ns):
<Not Available>
Available cpu frequencies:
<Not Available>
Current governor:
<Not Available>
Core performance/turbo boost:
<Not Available>

Memory: 4k page, physical 4030664k(910852k free), swap 2097148k(2096636k free)

vm_info: OpenJDK 64-Bit Server VM (11.0.9.1+1-Ubuntu-0ubuntu1.18.04) for linux-amd64 JRE (11.0.9.1+1-Ubuntu-0ubuntu1.18.04), built on Nov 10 2020 04:18:42 by "unknown" with gcc 7.5.0

END.
